INFO:  latexindent.pl version 3.19, 2022-10-30, a script to indent .tex files
       latexindent.pl lives here: /Users/pluttan/opt/anaconda3/bin/
       Sun Nov 20 23:12:39 2022
       Filenames:
          /Users/pluttan/Desktop/_Сем1/BMSTU-1/ОП/Подготовка к экзамену/examOP.tex
          /Users/pluttan/Desktop/_Сем1/BMSTU-1/ОП/Подготовка к экзамену/examOP.texcd
          /Users/pluttan/Desktop/_Сем1/BMSTU-1/ОП/Подготовка к экзамену/
       total number of files: 3
INFO:  Processing switches:
       -s|--silent: Silent mode active (you have used either -s or --silent)
INFO:  Directory for backup files and indent.log:
       /Users/pluttan/Desktop/_Сем1/BMSTU-1/ОП/Подготовка к экзамену
INFO:  Perl modules are being loaded from the following directories:
       /Users/pluttan/opt/anaconda3/lib/perl5/core_perl/FindBin.pm
       /Users/pluttan/opt/anaconda3/lib/perl5/vendor_perl/YAML/Tiny.pm
       /Users/pluttan/opt/anaconda3/lib/perl5/core_perl/File/Copy.pm
       /Users/pluttan/opt/anaconda3/lib/perl5/core_perl/File/Basename.pm
       /Users/pluttan/opt/anaconda3/lib/perl5/core_perl/Getopt/Long.pm
       /Users/pluttan/opt/anaconda3/lib/perl5/vendor_perl/File/HomeDir.pm
INFO:  LatexIndent perl modules are being loaded from, for example:
       /Users/pluttan/opt/anaconda3/lib/perl5/vendor_perl/LatexIndent/Document.pm
INFO:  YAML settings read: defaultSettings.yaml
       Reading defaultSettings.yaml from /Users/pluttan/opt/anaconda3/bin/defaultSettings.yaml
       Reading defaultSettings.yaml (2nd attempt) from /Users/pluttan/opt/anaconda3/bin/../../texmf-dist/scripts/latexindent/defaultSettings.yaml
       and then, if necessary, /Users/pluttan/opt/anaconda3/bin/LatexIndent/defaultSettings.yaml
INFO:  YAML settings read: indentconfig.yaml or .indentconfig.yaml
       Home directory is /Users/pluttan (didn't find either indentconfig.yaml or .indentconfig.yaml)
       To specify user settings you would put indentconfig.yaml here: /Users/pluttan/indentconfig.yaml
       Alternatively, you can use the hidden file .indentconfig.yaml as: /Users/pluttan/.indentconfig.yaml
INFO:  Filename: /Users/pluttan/Desktop/_Сем1/BMSTU-1/ОП/Подготовка к экзамену/examOP.tex (1 of 3)
INFO:  Phase 1: searching for objects
INFO:  Phase 2: finding surrounding indentation
INFO:  Phase 3: indenting objects
INFO:  Phase 4: final indentation check
INFO:  Output routine:
       Not outputting to file; see -w and -o switches for more options.
INFO:  Filename: /Users/pluttan/Desktop/_Сем1/BMSTU-1/ОП/Подготовка к экзамену/examOP.texcd (2 of 3)
WARN:  I couldn't find /Users/pluttan/Desktop/_Сем1/BMSTU-1/ОП/Подготовка к экзамену/examOP.texcd, are you sure it exists?
       moving on, no indendation done for /Users/pluttan/Desktop/_Сем1/BMSTU-1/ОП/Подготовка к экзамену/examOP.texcd.
INFO:  Filename: /Users/pluttan/Desktop/_Сем1/BMSTU-1/ОП/Подготовка к экзамену/ (3 of 3)
INFO:  File extension work:
       latexindent called to act upon /Users/pluttan/Desktop/_Сем1/BMSTU-1/ОП/Подготовка к экзамену/ without a file extension;
       searching for files in the following order (see fileExtensionPreference):
       /Users/pluttan/Desktop/_Сем1/BMSTU-1/ОП/Подготовка к экзамену/.tex
       /Users/pluttan/Desktop/_Сем1/BMSTU-1/ОП/Подготовка к экзамену/.sty
       /Users/pluttan/Desktop/_Сем1/BMSTU-1/ОП/Подготовка к экзамену/.cls
       /Users/pluttan/Desktop/_Сем1/BMSTU-1/ОП/Подготовка к экзамену/.bib
WARN:  I couldn't find a match for /Users/pluttan/Desktop/_Сем1/BMSTU-1/ОП/Подготовка к экзамену/ in fileExtensionPreference (see defaultSettings.yaml)
       moving on, no indendation done for /Users/pluttan/Desktop/_Сем1/BMSTU-1/ОП/Подготовка к экзамену/.
WARN:  at least one of the files you specified does not exist or could not be read
       --------------
INFO:  Please direct all communication/issues to:
        https://github.com/cmhughes/latexindent.pl
