This is XeTeX, Version 3.141592653-2.6-0.999994 (TeX Live 2022) (preloaded format=xelatex 2022.10.2)  4 DEC 2022 15:32
entering extended mode
 \write18 enabled.
 %&-line parsing enabled.
**tempCodeRunnerFile.tex
(./tempCodeRunnerFile.tex
LaTeX2e <2021-11-15> patch level 1
L3 programming layer <2022-02-24>
! Undefined control sequence.
l.4 \df
       {Верхняя треугольная матрица}{квадратная матрица, все элементы под гл...

? 

! LaTeX Error: Missing \begin{document}.

See the LaTeX manual or LaTeX Companion for explanation.
Type  H <return>  for immediate help.
 ...                                              
                                                  
l.4 \df{В
         ерхняя треугольная матрица}{квадратная матрица, все элементы под гл...

? 
Missing character: There is no В ("412) in font nullfont!
Missing character: There is no е ("435) in font nullfont!
Missing character: There is no р ("440) in font nullfont!
Missing character: There is no х ("445) in font nullfont!
Missing character: There is no н ("43D) in font nullfont!
Missing character: There is no я ("44F) in font nullfont!
Missing character: There is no я ("44F) in font nullfont!
Missing character: There is no т ("442) in font nullfont!
Missing character: There is no р ("440) in font nullfont!
Missing character: There is no е ("435) in font nullfont!
Missing character: There is no у ("443) in font nullfont!
Missing character: There is no г ("433) in font nullfont!
Missing character: There is no о ("43E) in font nullfont!
Missing character: There is no л ("43B) in font nullfont!
Missing character: There is no ь ("44C) in font nullfont!
Missing character: There is no н ("43D) in font nullfont!
Missing character: There is no а ("430) in font nullfont!
Missing character: There is no я ("44F) in font nullfont!
Missing character: There is no м ("43C) in font nullfont!
Missing character: There is no а ("430) in font nullfont!
Missing character: There is no т ("442) in font nullfont!
Missing character: There is no р ("440) in font nullfont!
Missing character: There is no и ("438) in font nullfont!
Missing character: There is no ц ("446) in font nullfont!
Missing character: There is no а ("430) in font nullfont!
Missing character: There is no к ("43A) in font nullfont!
Missing character: There is no в ("432) in font nullfont!
Missing character: There is no а ("430) in font nullfont!
Missing character: There is no д ("434) in font nullfont!
Missing character: There is no р ("440) in font nullfont!
Missing character: There is no а ("430) in font nullfont!
Missing character: There is no т ("442) in font nullfont!
Missing character: There is no н ("43D) in font nullfont!
Missing character: There is no а ("430) in font nullfont!
Missing character: There is no я ("44F) in font nullfont!
Missing character: There is no м ("43C) in font nullfont!
Missing character: There is no а ("430) in font nullfont!
Missing character: There is no т ("442) in font nullfont!
Missing character: There is no р ("440) in font nullfont!
Missing character: There is no и ("438) in font nullfont!
Missing character: There is no ц ("446) in font nullfont!
Missing character: There is no а ("430) in font nullfont!
Missing character: There is no , ("2C) in font nullfont!
Missing character: There is no в ("432) in font nullfont!
Missing character: There is no с ("441) in font nullfont!
Missing character: There is no е ("435) in font nullfont!
Missing character: There is no э ("44D) in font nullfont!
Missing character: There is no л ("43B) in font nullfont!
Missing character: There is no е ("435) in font nullfont!
Missing character: There is no м ("43C) in font nullfont!
Missing character: There is no е ("435) in font nullfont!
Missing character: There is no н ("43D) in font nullfont!
Missing character: There is no т ("442) in font nullfont!
Missing character: There is no ы ("44B) in font nullfont!
Missing character: There is no п ("43F) in font nullfont!
Missing character: There is no о ("43E) in font nullfont!
Missing character: There is no д ("434) in font nullfont!
Missing character: There is no г ("433) in font nullfont!
Missing character: There is no л ("43B) in font nullfont!
Missing character: There is no а ("430) in font nullfont!
Missing character: There is no в ("432) in font nullfont!
Missing character: There is no н ("43D) in font nullfont!
Missing character: There is no о ("43E) in font nullfont!
Missing character: There is no й ("439) in font nullfont!
Missing character: There is no д ("434) in font nullfont!
Missing character: There is no и ("438) in font nullfont!
Missing character: There is no а ("430) in font nullfont!
Missing character: There is no г ("433) in font nullfont!
Missing character: There is no о ("43E) in font nullfont!
Missing character: There is no н ("43D) in font nullfont!
Missing character: There is no а ("430) in font nullfont!
Missing character: There is no л ("43B) in font nullfont!
Missing character: There is no ь ("44C) in font nullfont!
Missing character: There is no ю ("44E) in font nullfont!
Missing character: There is no к ("43A) in font nullfont!
Missing character: There is no о ("43E) in font nullfont!
Missing character: There is no т ("442) in font nullfont!
Missing character: There is no о ("43E) in font nullfont!
Missing character: There is no р ("440) in font nullfont!
Missing character: There is no о ("43E) in font nullfont!
Missing character: There is no й ("439) in font nullfont!
Missing character: There is no р ("440) in font nullfont!
Missing character: There is no а ("430) in font nullfont!
Missing character: There is no в ("432) in font nullfont!
Missing character: There is no н ("43D) in font nullfont!
Missing character: There is no ы ("44B) in font nullfont!
Missing character: There is no 0 ("30) in font nullfont!
Missing character: There is no . ("2E) in font nullfont!

Overfull \hbox (20.0pt too wide) in paragraph at lines 4--5
[]
 []

! Undefined control sequence.
l.8 \df
       {Нижняя треугольная матрица}{квадратная матрица, все элементы над гла...

? 

! LaTeX Error: Missing \begin{document}.

See the LaTeX manual or LaTeX Companion for explanation.
Type  H <return>  for immediate help.
 ...                                              
                                                  
l.8 \df{Н
         ижняя треугольная матрица}{квадратная матрица, все элементы над гла...

? 
Missing character: There is no Н ("41D) in font nullfont!
Missing character: There is no и ("438) in font nullfont!
Missing character: There is no ж ("436) in font nullfont!
Missing character: There is no н ("43D) in font nullfont!
Missing character: There is no я ("44F) in font nullfont!
Missing character: There is no я ("44F) in font nullfont!
Missing character: There is no т ("442) in font nullfont!
Missing character: There is no р ("440) in font nullfont!
Missing character: There is no е ("435) in font nullfont!
Missing character: There is no у ("443) in font nullfont!
Missing character: There is no г ("433) in font nullfont!
Missing character: There is no о ("43E) in font nullfont!
Missing character: There is no л ("43B) in font nullfont!
Missing character: There is no ь ("44C) in font nullfont!
Missing character: There is no н ("43D) in font nullfont!
Missing character: There is no а ("430) in font nullfont!
Missing character: There is no я ("44F) in font nullfont!
Missing character: There is no м ("43C) in font nullfont!
Missing character: There is no а ("430) in font nullfont!
Missing character: There is no т ("442) in font nullfont!
Missing character: There is no р ("440) in font nullfont!
Missing character: There is no и ("438) in font nullfont!
Missing character: There is no ц ("446) in font nullfont!
Missing character: There is no а ("430) in font nullfont!
Missing character: There is no к ("43A) in font nullfont!
Missing character: There is no в ("432) in font nullfont!
Missing character: There is no а ("430) in font nullfont!
Missing character: There is no д ("434) in font nullfont!
Missing character: There is no р ("440) in font nullfont!
Missing character: There is no а ("430) in font nullfont!
Missing character: There is no т ("442) in font nullfont!
Missing character: There is no н ("43D) in font nullfont!
Missing character: There is no а ("430) in font nullfont!
Missing character: There is no я ("44F) in font nullfont!
Missing character: There is no м ("43C) in font nullfont!
Missing character: There is no а ("430) in font nullfont!
Missing character: There is no т ("442) in font nullfont!
Missing character: There is no р ("440) in font nullfont!
Missing character: There is no и ("438) in font nullfont!
Missing character: There is no ц ("446) in font nullfont!
Missing character: There is no а ("430) in font nullfont!
Missing character: There is no , ("2C) in font nullfont!
Missing character: There is no в ("432) in font nullfont!
Missing character: There is no с ("441) in font nullfont!
Missing character: There is no е ("435) in font nullfont!
Missing character: There is no э ("44D) in font nullfont!
Missing character: There is no л ("43B) in font nullfont!
Missing character: There is no е ("435) in font nullfont!
Missing character: There is no м ("43C) in font nullfont!
Missing character: There is no е ("435) in font nullfont!
Missing character: There is no н ("43D) in font nullfont!
Missing character: There is no т ("442) in font nullfont!
Missing character: There is no ы ("44B) in font nullfont!
Missing character: There is no н ("43D) in font nullfont!
Missing character: There is no а ("430) in font nullfont!
Missing character: There is no д ("434) in font nullfont!
Missing character: There is no г ("433) in font nullfont!
Missing character: There is no л ("43B) in font nullfont!
Missing character: There is no а ("430) in font nullfont!
Missing character: There is no в ("432) in font nullfont!
Missing character: There is no н ("43D) in font nullfont!
Missing character: There is no о ("43E) in font nullfont!
Missing character: There is no й ("439) in font nullfont!
Missing character: There is no д ("434) in font nullfont!
Missing character: There is no и ("438) in font nullfont!
Missing character: There is no а ("430) in font nullfont!
Missing character: There is no г ("433) in font nullfont!
Missing character: There is no о ("43E) in font nullfont!
Missing character: There is no н ("43D) in font nullfont!
Missing character: There is no а ("430) in font nullfont!
Missing character: There is no л ("43B) in font nullfont!
Missing character: There is no ь ("44C) in font nullfont!
Missing character: There is no ю ("44E) in font nullfont!
Missing character: There is no к ("43A) in font nullfont!
Missing character: There is no о ("43E) in font nullfont!
Missing character: There is no т ("442) in font nullfont!
Missing character: There is no о ("43E) in font nullfont!
Missing character: There is no р ("440) in font nullfont!
Missing character: There is no о ("43E) in font nullfont!
Missing character: There is no й ("439) in font nullfont!
Missing character: There is no р ("440) in font nullfont!
Missing character: There is no а ("430) in font nullfont!
Missing character: There is no в ("432) in font nullfont!
Missing character: There is no н ("43D) in font nullfont!
Missing character: There is no ы ("44B) in font nullfont!
Missing character: There is no 0 ("30) in font nullfont!
Missing character: There is no . ("2E) in font nullfont!

Overfull \hbox (20.0pt too wide) in paragraph at lines 8--9
[]
 []

! Undefined control sequence.
l.10 \subsection
                {Дать определение равенства матриц.}
? 

! LaTeX Error: Missing \begin{document}.

See the LaTeX manual or LaTeX Companion for explanation.
Type  H <return>  for immediate help.
 ...                                              
                                                  
l.10 \subsect