mktextfm gost
mktextfm gost
mktextfm gost
mktextfm gost/BI
mktextfm gost
mktextfm gost/B
mktextfm gost
mktextfm gost/I
mktextfm gost
mktextfm gost
mktextfm gost
mktextfm gost
mktextfm gost
mktextfm gost
mktextfm gost/BI
mktextfm gost
mktextfm gost/B
mktextfm gost
mktextfm gost/I
mktextfm gost
mktextfm gost
mktextfm gost
mktextfm gost/BI
mktextfm gost/B
mktextfm gost/I
mktextfm gost/B
mktextfm gost/B
mktextfm gost/I
mktextfm gost/I
mktextfm gost/BI
mktextfm gost/BI
mktextfm gost/BI
mktextfm gost/B
mktextfm gost/I
mktextfm gost/B
mktextfm gost/B
mktextfm gost/I
mktextfm gost/I
mktextfm gost/BI
mktextfm gost/BI
mktextfm gost-type-a
mktextfm gost-type-a
mktextfm gost-type-a
mktextfm gost-type-a/BI
mktextfm gost-type-a
mktextfm gost-type-a/B
mktextfm gost-type-a
mktextfm gost-type-a/I
mktextfm gost-type-a
mktextfm gost-type-a
mktextfm gost-type-a
mktextfm gost/BI
mktextfm gost/B
mktextfm gost/I
mktextfm gost/B
mktextfm gost/B
mktextfm gost/I
mktextfm gost/I
mktextfm gost/BI
mktextfm gost/BI
