This is XeTeX, Version 3.141592653-2.6-0.999994 (TeX Live 2022) (preloaded format=xelatex 2022.10.2)  4 DEC 2022 12:52
entering extended mode
 \write18 enabled.
 %&-line parsing enabled.
**examOP.tex
(./examOP.tex
LaTeX2e <2021-11-15> patch level 1
L3 programming layer <2022-02-24>

LaTeX Warning: \include should only be used after \begin{document} on input lin
e 3.

(/Users/pluttan/Documents/forMyDocs/preamb.tex
(/usr/local/texlive/2022/texmf-dist/tex/latex/base/article.cls
Document Class: article 2021/10/04 v1.4n Standard LaTeX document class
(/usr/local/texlive/2022/texmf-dist/tex/latex/base/size10.clo
File: size10.clo 2021/10/04 v1.4n Standard LaTeX file (size option)
)
\c@part=\count181
\c@section=\count182
\c@subsection=\count183
\c@subsubsection=\count184
\c@paragraph=\count185
\c@subparagraph=\count186
\c@figure=\count187
\c@table=\count188
\abovecaptionskip=\skip47
\belowcaptionskip=\skip48
\bibindent=\dimen138
)
(/usr/local/texlive/2022/texmf-dist/tex/latex/geometry/geometry.sty
Package: geometry 2020/01/02 v5.9 Page Geometry

(/usr/local/texlive/2022/texmf-dist/tex/latex/graphics/keyval.sty
Package: keyval 2014/10/28 v1.15 key=value parser (DPC)
\KV@toks@=\toks16
)
(/usr/local/texlive/2022/texmf-dist/tex/generic/iftex/ifvtex.sty
Package: ifvtex 2019/10/25 v1.7 ifvtex legacy package. Use iftex instead.

(/usr/local/texlive/2022/texmf-dist/tex/generic/iftex/iftex.sty
Package: iftex 2022/02/03 v1.0f TeX engine tests
))
\Gm@cnth=\count189
\Gm@cntv=\count190
\c@Gm@tempcnt=\count191
\Gm@bindingoffset=\dimen139
\Gm@wd@mp=\dimen140
\Gm@odd@mp=\dimen141
\Gm@even@mp=\dimen142
\Gm@layoutwidth=\dimen143
\Gm@layoutheight=\dimen144
\Gm@layouthoffset=\dimen145
\Gm@layoutvoffset=\dimen146
\Gm@dimlist=\toks17
)
(/usr/local/texlive/2022/texmf-dist/tex/latex/base/fontenc.sty
Package: fontenc 2021/04/29 v2.0v Standard LaTeX package

(/usr/local/texlive/2022/texmf-dist/tex/latex/cyrillic/t2aenc.def
File: t2aenc.def 2005/09/27 v1.0i Cyrillic encoding definition file
)
LaTeX Font Info:    Trying to load font information for T2A+lmr on input line 1
12.
LaTeX Font Info:    No file T2Almr.fd. on input line 112.
LaTeX Font Info:    Trying to load font information for T2A+cmr on input line 1
12.

(/usr/local/texlive/2022/texmf-dist/tex/latex/cyrillic/t2acmr.fd
File: t2acmr.fd 2001/08/11 v1.0a Computer Modern Cyrillic font definitions
)

LaTeX Font Warning: Font shape `T2A/lmr/m/n' undefined
(Font)              using `T2A/cmr/m/n' instead on input line 112.

) (/usr/local/texlive/2022/texmf-dist/tex/generic/babel/babel.sty
Package: babel 2022/02/26 3.73 The Babel package
\babel@savecnt=\count192
\U@D=\dimen147
\l@unhyphenated=\language87

(/usr/local/texlive/2022/texmf-dist/tex/generic/babel/xebabel.def
(/usr/local/texlive/2022/texmf-dist/tex/generic/babel/txtbabel.def))
\bbl@readstream=\read2
\bbl@dirlevel=\count193

(/usr/local/texlive/2022/texmf-dist/tex/generic/babel-russian/russianb.ldf
File: russianb.ldf 2021/01/10 1.3m Russian support for the Babel system
Language: russian 2020/09/09 1.3k Russian support for the Babel system
Package babel Info: Making " an active character on input line 124.
Package babel Info: Default for \cyrdash is provided on input line 163.
))
(/usr/local/texlive/2022/texmf-dist/tex/generic/soul/soul.sty
Package: soul 2003/11/17 v2.4 letterspacing/underlining (mf)
\SOUL@word=\toks18
\SOUL@lasttoken=\toks19
\SOUL@cmds=\toks20
\SOUL@buffer=\toks21
\SOUL@token=\toks22
\SOUL@spaceskip=\skip49
\SOUL@ttwidth=\dimen148
\SOUL@uldp=\dimen149
\SOUL@ulht=\dimen150
)
(/usr/local/texlive/2022/texmf-dist/tex/latex/amsfonts/amsfonts.sty
Package: amsfonts 2013/01/14 v3.01 Basic AMSFonts support
\@emptytoks=\toks23
\symAMSa=\mathgroup4
\symAMSb=\mathgroup5
LaTeX Font Info:    Redeclaring math symbol \hbar on input line 98.
LaTeX Font Info:    Overwriting math alphabet `\mathfrak' in version `bold'
(Font)                  U/euf/m/n --> U/euf/b/n on input line 106.
)
(/usr/local/texlive/2022/texmf-dist/tex/latex/amsmath/amsmath.sty
Package: amsmath 2021/10/15 v2.17l AMS math features
\@mathmargin=\skip50

For additional information on amsmath, use the `?' option.
(/usr/local/texlive/2022/texmf-dist/tex/latex/amsmath/amstext.sty
Package: amstext 2021/08/26 v2.01 AMS text

(/usr/local/texlive/2022/texmf-dist/tex/latex/amsmath/amsgen.sty
File: amsgen.sty 1999/11/30 v2.0 generic functions
\@emptytoks=\toks24
\ex@=\dimen151
))
(/usr/local/texlive/2022/texmf-dist/tex/latex/amsmath/amsbsy.sty
Package: amsbsy 1999/11/29 v1.2d Bold Symbols
\pmbraise@=\dimen152
)
(/usr/local/texlive/2022/texmf-dist/tex/latex/amsmath/amsopn.sty
Package: amsopn 2021/08/26 v2.02 operator names
)
\inf@bad=\count194
LaTeX Info: Redefining \frac on input line 234.
\uproot@=\count195
\leftroot@=\count196
LaTeX Info: Redefining \overline on input line 399.
\classnum@=\count197
\DOTSCASE@=\count198
LaTeX Info: Redefining \ldots on input line 496.
LaTeX Info: Redefining \dots on input line 499.
LaTeX Info: Redefining \cdots on input line 620.
\Mathstrutbox@=\box50
\strutbox@=\box51
\big@size=\dimen153
LaTeX Font Info:    Redeclaring font encoding OML on input line 743.
LaTeX Font Info:    Redeclaring font encoding OMS on input line 744.
\macc@depth=\count199
\c@MaxMatrixCols=\count266
\dotsspace@=\muskip16
\c@parentequation=\count267
\dspbrk@lvl=\count268
\tag@help=\toks25
\row@=\count269
\column@=\count270
\maxfields@=\count271
\andhelp@=\toks26
\eqnshift@=\dimen154
\alignsep@=\dimen155
\tagshift@=\dimen156
\tagwidth@=\dimen157
\totwidth@=\dimen158
\lineht@=\dimen159
\@envbody=\toks27
\multlinegap=\skip51
\multlinetaggap=\skip52
\mathdisplay@stack=\toks28
LaTeX Info: Redefining \[ on input line 2938.
LaTeX Info: Redefining \] on input line 2939.
)
(/usr/local/texlive/2022/texmf-dist/tex/latex/amsfonts/amssymb.sty
Package: amssymb 2013/01/14 v3.01 AMS font symbols
)
(/usr/local/texlive/2022/texmf-dist/tex/latex/jknapltx/mathrsfs.sty
Package: mathrsfs 1996/01/01 Math RSFS package v1.0 (jk)
\symrsfs=\mathgroup6
)
(/usr/local/texlive/2022/texmf-dist/tex/latex/graphics/graphicx.sty
Package: graphicx 2021/09/16 v1.2d Enhanced LaTeX Graphics (DPC,SPQR)

(/usr/local/texlive/2022/texmf-dist/tex/latex/graphics/graphics.sty
Package: graphics 2021/03/04 v1.4d Standard LaTeX Graphics (DPC,SPQR)

(/usr/local/texlive/2022/texmf-dist/tex/latex/graphics/trig.sty
Package: trig 2021/08/11 v1.11 sin cos tan (DPC)
)
(/usr/local/texlive/2022/texmf-dist/tex/latex/graphics-cfg/graphics.cfg
File: graphics.cfg 2016/06/04 v1.11 sample graphics configuration
)
Package graphics Info: Driver file: xetex.def on input line 107.

(/usr/local/texlive/2022/texmf-dist/tex/latex/graphics-def/xetex.def
File: xetex.def 2021/03/18 v5.0k Graphics/color driver for xetex
))
\Gin@req@height=\dimen160
\Gin@req@width=\dimen161
)
(/usr/local/texlive/2022/texmf-dist/tex/generic/ulem/ulem.sty
\UL@box=\box52
\UL@hyphenbox=\box53
\UL@skip=\skip53
\UL@hook=\toks29
\UL@height=\dimen162
\UL@pe=\count272
\UL@pixel=\dimen163
\ULC@box=\box54
Package: ulem 2019/11/18
\ULdepth=\dimen164
)
(/usr/local/texlive/2022/texmf-dist/tex/latex/stmaryrd/stmaryrd.sty
Package: stmaryrd 1994/03/03 St Mary's Road symbol package
\symstmry=\mathgroup7
LaTeX Font Info:    Overwriting symbol font `stmry' in version `bold'
(Font)                  U/stmry/m/n --> U/stmry/b/n on input line 89.
)
(/usr/local/texlive/2022/texmf-dist/tex/latex/wrapfig/wrapfig.sty
\wrapoverhang=\dimen165
\WF@size=\dimen166
\c@WF@wrappedlines=\count273
\WF@box=\box55
\WF@everypar=\toks30
Package: wrapfig 2003/01/31  v 3.6
)
(/usr/local/texlive/2022/texmf-dist/tex/latex/fancyhdr/fancyhdr.sty
Package: fancyhdr 2021/01/28 v4.0.1 Extensive control of page headers and foote
rs
\f@nch@headwidth=\skip54
\f@nch@O@elh=\skip55
\f@nch@O@erh=\skip56
\f@nch@O@olh=\skip57
\f@nch@O@orh=\skip58
\f@nch@O@elf=\skip59
\f@nch@O@erf=\skip60
\f@nch@O@olf=\skip61
\f@nch@O@orf=\skip62
)
(/usr/local/texlive/2022/texmf-dist/tex/latex/floatflt/floatflt.sty
Package: floatflt 1997/07/16 v. 1.31
\c@OptionTest=\count274
\figbox=\box56
\tabbox=\box57
\pagebox=\box58
\ffigcount=\count275
\ftabcount=\count276
\fftest=\count277
\hangcount=\count278
\nosuccesstryfig=\count279
\nosuccesstrytab=\count280
\figgutter=\dimen167
\tabgutter=\dimen168
\htdone=\dimen169
\pageht=\dimen170
\startpageht=\dimen171
\tabbredd=\dimen172
\floatfltwidth=\dimen173
\fltitemwidth=\dimen174
\outputpretest=\toks31
)
(/usr/local/texlive/2022/texmf-dist/tex/latex/python/python.sty
Package: python 2021/08/03 v0.22 Python in LaTeX
\@out=\write3
\@module=\write4
)
(/usr/local/texlive/2022/texmf-dist/tex/latex/float/float.sty
Package: float 2001/11/08 v1.3d Float enhancements (AL)
\c@float@type=\count281
\float@exts=\toks32
\float@box=\box59
\@float@everytoks=\toks33
\@floatcapt=\box60
)
(/usr/local/texlive/2022/texmf-dist/tex/latex/tcolorbox/tcolorbox.sty
Package: tcolorbox 2022/01/07 version 5.0.2 text color boxes

(/usr/local/texlive/2022/texmf-dist/tex/latex/pgf/basiclayer/pgf.sty
(/usr/local/texlive/2022/texmf-dist/tex/latex/pgf/utilities/pgfrcs.sty
(/usr/local/texlive/2022/texmf-dist/tex/generic/pgf/utilities/pgfutil-common.te
x
\pgfutil@everybye=\toks34
\pgfutil@tempdima=\dimen175
\pgfutil@tempdimb=\dimen176

(/usr/local/texlive/2022/texmf-dist/tex/generic/pgf/utilities/pgfutil-common-li
sts.tex))
(/usr/local/texlive/2022/texmf-dist/tex/generic/pgf/utilities/pgfutil-latex.def
\pgfutil@abb=\box61
) (/usr/local/texlive/2022/texmf-dist/tex/generic/pgf/utilities/pgfrcs.code.tex
(/usr/local/texlive/2022/texmf-dist/tex/generic/pgf/pgf.revision.tex)
Package: pgfrcs 2021/05/15 v3.1.9a (3.1.9a)
))
Package: pgf 2021/05/15 v3.1.9a (3.1.9a)

(/usr/local/texlive/2022/texmf-dist/tex/latex/pgf/basiclayer/pgfcore.sty
(/usr/local/texlive/2022/texmf-dist/tex/latex/pgf/systemlayer/pgfsys.sty
(/usr/local/texlive/2022/texmf-dist/tex/generic/pgf/systemlayer/pgfsys.code.tex
Package: pgfsys 2021/05/15 v3.1.9a (3.1.9a)
(/usr/local/texlive/2022/texmf-dist/tex/generic/pgf/utilities/pgfkeys.code.tex
\pgfkeys@pathtoks=\toks35
\pgfkeys@temptoks=\toks36

(/usr/local/texlive/2022/texmf-dist/tex/generic/pgf/utilities/pgfkeysfiltered.c
ode.tex
\pgfkeys@tmptoks=\toks37
))
\pgf@x=\dimen177
\pgf@y=\dimen178
\pgf@xa=\dimen179
\pgf@ya=\dimen180
\pgf@xb=\dimen181
\pgf@yb=\dimen182
\pgf@xc=\dimen183
\pgf@yc=\dimen184
\pgf@xd=\dimen185
\pgf@yd=\dimen186
\w@pgf@writea=\write5
\r@pgf@reada=\read3
\c@pgf@counta=\count282
\c@pgf@countb=\count283
\c@pgf@countc=\count284
\c@pgf@countd=\count285
\t@pgf@toka=\toks38
\t@pgf@tokb=\toks39
\t@pgf@tokc=\toks40
\pgf@sys@id@count=\count286

(/usr/local/texlive/2022/texmf-dist/tex/generic/pgf/systemlayer/pgf.cfg
File: pgf.cfg 2021/05/15 v3.1.9a (3.1.9a)
)
Driver file for pgf: pgfsys-xetex.def

(/usr/local/texlive/2022/texmf-dist/tex/generic/pgf/systemlayer/pgfsys-xetex.de
f
File: pgfsys-xetex.def 2021/05/15 v3.1.9a (3.1.9a)

(/usr/local/texlive/2022/texmf-dist/tex/generic/pgf/systemlayer/pgfsys-dvipdfmx
.def
File: pgfsys-dvipdfmx.def 2021/05/15 v3.1.9a (3.1.9a)

(/usr/local/texlive/2022/texmf-dist/tex/generic/pgf/systemlayer/pgfsys-common-p
df.def
File: pgfsys-common-pdf.def 2021/05/15 v3.1.9a (3.1.9a)
)
\pgfsys@objnum=\count287
)))
(/usr/local/texlive/2022/texmf-dist/tex/generic/pgf/systemlayer/pgfsyssoftpath.
code.tex
File: pgfsyssoftpath.code.tex 2021/05/15 v3.1.9a (3.1.9a)
\pgfsyssoftpath@smallbuffer@items=\count288
\pgfsyssoftpath@bigbuffer@items=\count289
)
(/usr/local/texlive/2022/texmf-dist/tex/generic/pgf/systemlayer/pgfsysprotocol.
code.tex
File: pgfsysprotocol.code.tex 2021/05/15 v3.1.9a (3.1.9a)
)) (/usr/local/texlive/2022/texmf-dist/tex/latex/xcolor/xcolor.sty
Package: xcolor 2021/10/31 v2.13 LaTeX color extensions (UK)

(/usr/local/texlive/2022/texmf-dist/tex/latex/graphics-cfg/color.cfg
File: color.cfg 2016/01/02 v1.6 sample color configuration
)
Package xcolor Info: Driver file: xetex.def on input line 227.
Package xcolor Info: Model `cmy' substituted by `cmy0' on input line 1352.
Package xcolor Info: Model `RGB' extended on input line 1368.
Package xcolor Info: Model `HTML' substituted by `rgb' on input line 1370.
Package xcolor Info: Model `Hsb' substituted by `hsb' on input line 1371.
Package xcolor Info: Model `tHsb' substituted by `hsb' on input line 1372.
Package xcolor Info: Model `HSB' substituted by `hsb' on input line 1373.
Package xcolor Info: Model `Gray' substituted by `gray' on input line 1374.
Package xcolor Info: Model `wave' substituted by `hsb' on input line 1375.
)
(/usr/local/texlive/2022/texmf-dist/tex/generic/pgf/basiclayer/pgfcore.code.tex
Package: pgfcore 2021/05/15 v3.1.9a (3.1.9a)
(/usr/local/texlive/2022/texmf-dist/tex/generic/pgf/math/pgfmath.code.tex
(/usr/local/texlive/2022/texmf-dist/tex/generic/pgf/math/pgfmathcalc.code.tex
(/usr/local/texlive/2022/texmf-dist/tex/generic/pgf/math/pgfmathutil.code.tex)
(/usr/local/texlive/2022/texmf-dist/tex/generic/pgf/math/pgfmathparser.code.tex
\pgfmath@dimen=\dimen187
\pgfmath@count=\count290
\pgfmath@box=\box62
\pgfmath@toks=\toks41
\pgfmath@stack@operand=\toks42
\pgfmath@stack@operation=\toks43
)
(/usr/local/texlive/2022/texmf-dist/tex/generic/pgf/math/pgfmathfunctions.code.
tex
(/usr/local/texlive/2022/texmf-dist/tex/generic/pgf/math/pgfmathfunctions.basic
.code.tex)
(/usr/local/texlive/2022/texmf-dist/tex/generic/pgf/math/pgfmathfunctions.trigo
nometric.code.tex)
(/usr/local/texlive/2022/texmf-dist/tex/generic/pgf/math/pgfmathfunctions.rando
m.code.tex)
(/usr/local/texlive/2022/texmf-dist/tex/generic/pgf/math/pgfmathfunctions.compa
rison.code.tex)
(/usr/local/texlive/2022/texmf-dist/tex/generic/pgf/math/pgfmathfunctions.base.
code.tex)
(/usr/local/texlive/2022/texmf-dist/tex/generic/pgf/math/pgfmathfunctions.round
.code.tex)
(/usr/local/texlive/2022/texmf-dist/tex/generic/pgf/math/pgfmathfunctions.misc.
code.tex)
(/usr/local/texlive/2022/texmf-dist/tex/generic/pgf/math/pgfmathfunctions.integ
erarithmetics.code.tex)))
(/usr/local/texlive/2022/texmf-dist/tex/generic/pgf/math/pgfmathfloat.code.tex
\c@pgfmathroundto@lastzeros=\count291
)) (/usr/local/texlive/2022/texmf-dist/tex/generic/pgf/math/pgfint.code.tex)
(/usr/local/texlive/2022/texmf-dist/tex/generic/pgf/basiclayer/pgfcorepoints.co
de.tex
File: pgfcorepoints.code.tex 2021/05/15 v3.1.9a (3.1.9a)
\pgf@picminx=\dimen188
\pgf@picmaxx=\dimen189
\pgf@picminy=\dimen190
\pgf@picmaxy=\dimen191
\pgf@pathminx=\dimen192
\pgf@pathmaxx=\dimen193
\pgf@pathminy=\dimen194
\pgf@pathmaxy=\dimen195
\pgf@xx=\dimen196
\pgf@xy=\dimen197
\pgf@yx=\dimen198
\pgf@yy=\dimen199
\pgf@zx=\dimen256
\pgf@zy=\dimen257
)
(/usr/local/texlive/2022/texmf-dist/tex/generic/pgf/basiclayer/pgfcorepathconst
ruct.code.tex
File: pgfcorepathconstruct.code.tex 2021/05/15 v3.1.9a (3.1.9a)
\pgf@path@lastx=\dimen258
\pgf@path@lasty=\dimen259
)
(/usr/local/texlive/2022/texmf-dist/tex/generic/pgf/basiclayer/pgfcorepathusage
.code.tex
File: pgfcorepathusage.code.tex 2021/05/15 v3.1.9a (3.1.9a)
\pgf@shorten@end@additional=\dimen260
\pgf@shorten@start@additional=\dimen261
)
(/usr/local/texlive/2022/texmf-dist/tex/generic/pgf/basiclayer/pgfcorescopes.co
de.tex
File: pgfcorescopes.code.tex 2021/05/15 v3.1.9a (3.1.9a)
\pgfpic=\box63
\pgf@hbox=\box64
\pgf@layerbox@main=\box65
\pgf@picture@serial@count=\count292
)
(/usr/local/texlive/2022/texmf-dist/tex/generic/pgf/basiclayer/pgfcoregraphicst
ate.code.tex
File: pgfcoregraphicstate.code.tex 2021/05/15 v3.1.9a (3.1.9a)
\pgflinewidth=\dimen262
)
(/usr/local/texlive/2022/texmf-dist/tex/generic/pgf/basiclayer/pgfcoretransform
ations.code.tex
File: pgfcoretransformations.code.tex 2021/05/15 v3.1.9a (3.1.9a)
\pgf@pt@x=\dimen263
\pgf@pt@y=\dimen264
\pgf@pt@temp=\dimen265
)
(/usr/local/texlive/2022/texmf-dist/tex/generic/pgf/basiclayer/pgfcorequick.cod
e.tex
File: pgfcorequick.code.tex 2021/05/15 v3.1.9a (3.1.9a)
)
(/usr/local/texlive/2022/texmf-dist/tex/generic/pgf/basiclayer/pgfcoreobjects.c
ode.tex
File: pgfcoreobjects.code.tex 2021/05/15 v3.1.9a (3.1.9a)
)
(/usr/local/texlive/2022/texmf-dist/tex/generic/pgf/basiclayer/pgfcorepathproce
ssing.code.tex
File: pgfcorepathprocessing.code.tex 2021/05/15 v3.1.9a (3.1.9a)
)
(/usr/local/texlive/2022/texmf-dist/tex/generic/pgf/basiclayer/pgfcorearrows.co
de.tex
File: pgfcorearrows.code.tex 2021/05/15 v3.1.9a (3.1.9a)
\pgfarrowsep=\dimen266
)
(/usr/local/texlive/2022/texmf-dist/tex/generic/pgf/basiclayer/pgfcoreshade.cod
e.tex
File: pgfcoreshade.code.tex 2021/05/15 v3.1.9a (3.1.9a)
\pgf@max=\dimen267
\pgf@sys@shading@range@num=\count293
\pgf@shadingcount=\count294
)
(/usr/local/texlive/2022/texmf-dist/tex/generic/pgf/basiclayer/pgfcoreimage.cod
e.tex
File: pgfcoreimage.code.tex 2021/05/15 v3.1.9a (3.1.9a)

(/usr/local/texlive/2022/texmf-dist/tex/generic/pgf/basiclayer/pgfcoreexternal.
code.tex
File: pgfcoreexternal.code.tex 2021/05/15 v3.1.9a (3.1.9a)
\pgfexternal@startupbox=\box66
))
(/usr/local/texlive/2022/texmf-dist/tex/generic/pgf/basiclayer/pgfcorelayers.co
de.tex
File: pgfcorelayers.code.tex 2021/05/15 v3.1.9a (3.1.9a)
)
(/usr/local/texlive/2022/texmf-dist/tex/generic/pgf/basiclayer/pgfcoretranspare
ncy.code.tex
File: pgfcoretransparency.code.tex 2021/05/15 v3.1.9a (3.1.9a)
)
(/usr/local/texlive/2022/texmf-dist/tex/generic/pgf/basiclayer/pgfcorepatterns.
code.tex
File: pgfcorepatterns.code.tex 2021/05/15 v3.1.9a (3.1.9a)
)
(/usr/local/texlive/2022/texmf-dist/tex/generic/pgf/basiclayer/pgfcorerdf.code.
tex
File: pgfcorerdf.code.tex 2021/05/15 v3.1.9a (3.1.9a)
)))
(/usr/local/texlive/2022/texmf-dist/tex/generic/pgf/modules/pgfmoduleshapes.cod
e.tex
File: pgfmoduleshapes.code.tex 2021/05/15 v3.1.9a (3.1.9a)
\pgfnodeparttextbox=\box67
)
(/usr/local/texlive/2022/texmf-dist/tex/generic/pgf/modules/pgfmoduleplot.code.
tex
File: pgfmoduleplot.code.tex 2021/05/15 v3.1.9a (3.1.9a)
)
(/usr/local/texlive/2022/texmf-dist/tex/latex/pgf/compatibility/pgfcomp-version
-0-65.sty
Package: pgfcomp-version-0-65 2021/05/15 v3.1.9a (3.1.9a)
\pgf@nodesepstart=\dimen268
\pgf@nodesepend=\dimen269
)
(/usr/local/texlive/2022/texmf-dist/tex/latex/pgf/compatibility/pgfcomp-version
-1-18.sty
Package: pgfcomp-version-1-18 2021/05/15 v3.1.9a (3.1.9a)
)) (/usr/local/texlive/2022/texmf-dist/tex/latex/tools/verbatim.sty
Package: verbatim 2020-07-07 v1.5u LaTeX2e package for verbatim enhancements
\every@verbatim=\toks44
\verbatim@line=\toks45
\verbatim@in@stream=\read4
)
(/usr/local/texlive/2022/texmf-dist/tex/latex/environ/environ.sty
Package: environ 2014/05/04 v0.3 A new way to define environments

(/usr/local/texlive/2022/texmf-dist/tex/latex/trimspaces/trimspaces.sty
Package: trimspaces 2009/09/17 v1.1 Trim spaces around a token list
))
(/usr/local/texlive/2022/texmf-dist/tex/latex/etoolbox/etoolbox.sty
Package: etoolbox 2020/10/05 v2.5k e-TeX tools for LaTeX (JAW)
\etb@tempcnta=\count295
)
\tcb@titlebox=\box68
\tcb@upperbox=\box69
\tcb@lowerbox=\box70
\tcb@phantombox=\box71
\c@tcbbreakpart=\count296
\c@tcblayer=\count297
\c@tcolorbox@number=\count298
\tcb@temp=\box72
\tcb@temp=\box73
\tcb@temp=\box74
\tcb@temp=\box75

(/usr/local/texlive/2022/texmf-dist/tex/latex/tcolorbox/tcbraster.code.tex
Library (tcolorbox): 'tcbraster.code.tex' version '5.0.2'
\c@tcbrastercolumn=\count299
\c@tcbrasterrow=\count300
\c@tcbrasternum=\count301
\c@tcbraster=\count302
) (/usr/local/texlive/2022/texmf-dist/tex/latex/tcolorbox/tcbskins.code.tex
Library (tcolorbox): 'tcbskins.code.tex' version '5.0.2'
(/usr/local/texlive/2022/texmf-dist/tex/latex/pgf/frontendlayer/tikz.sty
(/usr/local/texlive/2022/texmf-dist/tex/latex/pgf/utilities/pgffor.sty
(/usr/local/texlive/2022/texmf-dist/tex/latex/pgf/utilities/pgfkeys.sty
(/usr/local/texlive/2022/texmf-dist/tex/generic/pgf/utilities/pgfkeys.code.tex)
) (/usr/local/texlive/2022/texmf-dist/tex/latex/pgf/math/pgfmath.sty
(/usr/local/texlive/2022/texmf-dist/tex/generic/pgf/math/pgfmath.code.tex))
(/usr/local/texlive/2022/texmf-dist/tex/generic/pgf/utilities/pgffor.code.tex
Package: pgffor 2021/05/15 v3.1.9a (3.1.9a)

(/usr/local/texlive/2022/texmf-dist/tex/generic/pgf/math/pgfmath.code.tex)
\pgffor@iter=\dimen270
\pgffor@skip=\dimen271
\pgffor@stack=\toks46
\pgffor@toks=\toks47
))
(/usr/local/texlive/2022/texmf-dist/tex/generic/pgf/frontendlayer/tikz/tikz.cod
e.tex
Package: tikz 2021/05/15 v3.1.9a (3.1.9a)

(/usr/local/texlive/2022/texmf-dist/tex/generic/pgf/libraries/pgflibraryplothan
dlers.code.tex
File: pgflibraryplothandlers.code.tex 2021/05/15 v3.1.9a (3.1.9a)
\pgf@plot@mark@count=\count303
\pgfplotmarksize=\dimen272
)
\tikz@lastx=\dimen273
\tikz@lasty=\dimen274
\tikz@lastxsaved=\dimen275
\tikz@lastysaved=\dimen276
\tikz@lastmovetox=\dimen277
\tikz@lastmovetoy=\dimen278
\tikzleveldistance=\dimen279
\tikzsiblingdistance=\dimen280
\tikz@figbox=\box76
\tikz@figbox@bg=\box77
\tikz@tempbox=\box78
\tikz@tempbox@bg=\box79
\tikztreelevel=\count304
\tikznumberofchildren=\count305
\tikznumberofcurrentchild=\count306
\tikz@fig@count=\count307

(/usr/local/texlive/2022/texmf-dist/tex/generic/pgf/modules/pgfmodulematrix.cod
e.tex
File: pgfmodulematrix.code.tex 2021/05/15 v3.1.9a (3.1.9a)
\pgfmatrixcurrentrow=\count308
\pgfmatrixcurrentcolumn=\count309
\pgf@matrix@numberofcolumns=\count310
)
\tikz@expandcount=\count311

(/usr/local/texlive/2022/texmf-dist/tex/generic/pgf/frontendlayer/tikz/librarie
s/tikzlibrarytopaths.code.tex
File: tikzlibrarytopaths.code.tex 2021/05/15 v3.1.9a (3.1.9a)
)))
\tcb@waterbox=\box80

(/usr/local/texlive/2022/texmf-dist/tex/latex/tcolorbox/tcbskinsjigsaw.code.tex
Library (tcolorbox): 'tcbskinsjigsaw.code.tex' version '5.0.2'
))
(/usr/local/texlive/2022/texmf-dist/tex/latex/tcolorbox/tcbbreakable.code.tex
Library (tcolorbox): 'tcbbreakable.code.tex' version '5.0.2'
(/usr/local/texlive/2022/texmf-dist/tex/generic/oberdiek/pdfcol.sty
Package: pdfcol 2019/12/29 v1.6 Handle new color stacks for pdfTeX (HO)

(/usr/local/texlive/2022/texmf-dist/tex/generic/ltxcmds/ltxcmds.sty
Package: ltxcmds 2020-05-10 v1.25 LaTeX kernel commands for general use (HO)
)
(/usr/local/texlive/2022/texmf-dist/tex/generic/infwarerr/infwarerr.sty
Package: infwarerr 2019/12/03 v1.5 Providing info/warning/error messages (HO)
)
Package pdfcol Info: Interface disabled because of missing PDF mode of pdfTeX.
)
Package pdfcol Info: pdfTeX's color stacks are not available.
\tcb@testbox=\box81
\tcb@totalupperbox=\box82
\tcb@totallowerbox=\box83
)
(/usr/local/texlive/2022/texmf-dist/tex/latex/tcolorbox/tcbhooks.code.tex
Library (tcolorbox): 'tcbhooks.code.tex' version '5.0.2'
) (/usr/local/texlive/2022/texmf-dist/tex/latex/tcolorbox/tcbtheorems.code.tex
Library (tcolorbox): 'tcbtheorems.code.tex' version '5.0.2'
) (/usr/local/texlive/2022/texmf-dist/tex/latex/tcolorbox/tcbfitting.code.tex
Library (tcolorbox): 'tcbfitting.code.tex' version '5.0.2'
\tcbfitdim=\dimen281
\tcb@lowerfitdim=\dimen282
\tcb@upperfitdim=\dimen283
\tcb@cur@hbadness=\count312
) (/usr/local/texlive/2022/texmf-dist/tex/latex/tcolorbox/tcbxparse.code.tex
Library (tcolorbox): 'tcbxparse.code.tex' version '5.0.2'
(/usr/local/texlive/2022/texmf-dist/tex/latex/l3packages/xparse/xparse.sty
(/usr/local/texlive/2022/texmf-dist/tex/latex/l3kernel/expl3.sty
Package: expl3 2022-02-24 L3 programming layer (loader) 

(/usr/local/texlive/2022/texmf-dist/tex/latex/l3backend/l3backend-xetex.def))
Package: xparse 2022-01-12 L3 Experimental document command parser
))
(/usr/local/texlive/2022/texmf-dist/tex/latex/tcolorbox/tcblistingsutf8.code.te
x
Library (tcolorbox): 'tcblistingsutf8.code.tex' version '5.0.2'
(/usr/local/texlive/2022/texmf-dist/tex/latex/tcolorbox/tcblistings.code.tex
Library (tcolorbox): 'tcblistings.code.tex' version '5.0.2'
(/usr/local/texlive/2022/texmf-dist/tex/latex/listings/listings.sty
\lst@mode=\count313
\lst@gtempboxa=\box84
\lst@token=\toks48
\lst@length=\count314
\lst@currlwidth=\dimen284
\lst@column=\count315
\lst@pos=\count316
\lst@lostspace=\dimen285
\lst@width=\dimen286
\lst@newlines=\count317
\lst@lineno=\count318
\lst@maxwidth=\dimen287

(/usr/local/texlive/2022/texmf-dist/tex/latex/listings/lstmisc.sty
File: lstmisc.sty 2020/03/24 1.8d (Carsten Heinz)
\c@lstnumber=\count319
\lst@skipnumbers=\count320
\lst@framebox=\box85
)
(/usr/local/texlive/2022/texmf-dist/tex/latex/listings/listings.cfg
File: listings.cfg 2020/03/24 1.8d listings configuration
))
Package: listings 2020/03/24 1.8d (Carsten Heinz)

(/usr/local/texlive/2022/texmf-dist/tex/latex/tcolorbox/tcblistingscore.code.te
x
Library (tcolorbox): 'tcblistingscore.code.tex' version '5.0.2'
(/usr/local/texlive/2022/texmf-dist/tex/latex/tcolorbox/tcbprocessing.code.tex
Library (tcolorbox): 'tcbprocessing.code.tex' version '5.0.2'
(/usr/local/texlive/2022/texmf-dist/tex/generic/pdftexcmds/pdftexcmds.sty
Package: pdftexcmds 2020-06-27 v0.33 Utility functions of pdfTeX for LuaTeX (HO
)
Package pdftexcmds Info: \pdf@primitive is available.
Package pdftexcmds Info: \pdf@ifprimitive is available.
Package pdftexcmds Info: \pdfdraftmode not found.
)
(/usr/local/texlive/2022/texmf-dist/tex/latex/tools/shellesc.sty
Package: shellesc 2019/11/08 v1.0c unified shell escape interface for LaTeX
Package shellesc Info: Unrestricted shell escape enabled on input line 75.
))
\c@tcblisting=\count321
))
Package tcolorbox Info: Library `listingsutf8' is compatible with pdftex only. 
Library `listings` is loaded instead. on input line 29.
)
(/usr/local/texlive/2022/texmf-dist/tex/latex/tcolorbox/tcbexternal.code.tex
Library (tcolorbox): 'tcbexternal.code.tex' version '5.0.2'
) (/usr/local/texlive/2022/texmf-dist/tex/latex/tcolorbox/tcbmagazine.code.tex
Library (tcolorbox): 'tcbmagazine.code.tex' version '5.0.2'
) (/usr/local/texlive/2022/texmf-dist/tex/latex/tcolorbox/tcbvignette.code.tex
Library (tcolorbox): 'tcbvignette.code.tex' version '5.0.2'

(/usr/local/texlive/2022/texmf-dist/tex/generic/pgf/frontendlayer/tikz/librarie
s/tikzlibraryfadings.code.tex
File: tikzlibraryfadings.code.tex 2021/05/15 v3.1.9a (3.1.9a)

(/usr/local/texlive/2022/texmf-dist/tex/generic/pgf/libraries/pgflibraryfadings
.code.tex
File: pgflibraryfadings.code.tex 2021/05/15 v3.1.9a (3.1.9a)
)))
(/usr/local/texlive/2022/texmf-dist/tex/latex/tcolorbox/tcbposter.code.tex
Library (tcolorbox): 'tcbposter.code.tex' version '5.0.2'
)) (/usr/local/texlive/2022/texmf-dist/tex/latex/tools/indentfirst.sty
Package: indentfirst 1995/11/23 v1.03 Indent first paragraph (DPC)
)
(/usr/local/texlive/2022/texmf-dist/tex/latex/setspace/setspace.sty
Package: setspace 2011/12/19 v6.7a set line spacing
)
(/usr/local/texlive/2022/texmf-dist/tex/latex/koma-script/scrextend.sty
Package: scrextend 2021/11/13 v3.35 KOMA-Script package (extend other classes w
ith features of KOMA-Script classes)

(/usr/local/texlive/2022/texmf-dist/tex/latex/koma-script/scrkbase.sty
Package: scrkbase 2021/11/13 v3.35 KOMA-Script package (KOMA-Script-dependent b
asics and keyval usage)

(/usr/local/texlive/2022/texmf-dist/tex/latex/koma-script/scrbase.sty
Package: scrbase 2021/11/13 v3.35 KOMA-Script package (KOMA-Script-independent 
basics and keyval usage)

(/usr/local/texlive/2022/texmf-dist/tex/latex/koma-script/scrlfile.sty
Package: scrlfile 2021/11/13 v3.35 KOMA-Script package (file load hooks)

(/usr/local/texlive/2022/texmf-dist/tex/latex/koma-script/scrlfile-hook.sty
Package: scrlfile-hook 2021/11/13 v3.35 KOMA-Script package (using LaTeX hooks)


(/usr/local/texlive/2022/texmf-dist/tex/latex/koma-script/scrlogo.sty
Package: scrlogo 2021/11/13 v3.35 KOMA-Script package (logo)
)))
Applying: [2021/05/01] Usage of raw or classic option list on input line 252.
Already applied: [0000/00/00] Usage of raw or classic option list on input line
 368.
)))
(/usr/local/texlive/2022/texmf-dist/tex/latex/makecell/makecell.sty
Package: makecell 2009/08/03 V0.1e Managing of Tab Column Heads and Cells

(/usr/local/texlive/2022/texmf-dist/tex/latex/tools/array.sty
Package: array 2021/10/04 v2.5f Tabular extension package (FMi)
\col@sep=\dimen288
\ar@mcellbox=\box86
\extrarowheight=\dimen289
\NC@list=\toks49
\extratabsurround=\skip63
\backup@length=\skip64
\ar@cellbox=\box87
)
\rotheadsize=\dimen290
\c@nlinenum=\count322
\TeXr@lab=\toks50
)
(/usr/local/texlive/2022/texmf-dist/tex/latex/tools/tabularx.sty
Package: tabularx 2020/01/15 v2.11c `tabularx' package (DPC)
\TX@col@width=\dimen291
\TX@old@table=\dimen292
\TX@old@col=\dimen293
\TX@target=\dimen294
\TX@delta=\dimen295
\TX@cols=\count323
\TX@ftn=\toks51
)
(/usr/local/texlive/2022/texmf-dist/tex/latex/hyperref/hyperref.sty
Package: hyperref 2022-02-21 v7.00n Hypertext links for LaTeX

(/usr/local/texlive/2022/texmf-dist/tex/generic/kvsetkeys/kvsetkeys.sty
Package: kvsetkeys 2019/12/15 v1.18 Key value parser (HO)
)
(/usr/local/texlive/2022/texmf-dist/tex/generic/kvdefinekeys/kvdefinekeys.sty
Package: kvdefinekeys 2019-12-19 v1.6 Define keys (HO)
)
(/usr/local/texlive/2022/texmf-dist/tex/generic/pdfescape/pdfescape.sty
Package: pdfescape 2019/12/09 v1.15 Implements pdfTeX's escape features (HO)
)
(/usr/local/texlive/2022/texmf-dist/tex/latex/hycolor/hycolor.sty
Package: hycolor 2020-01-27 v1.10 Color options for hyperref/bookmark (HO)
)
(/usr/local/texlive/2022/texmf-dist/tex/latex/letltxmacro/letltxmacro.sty
Package: letltxmacro 2019/12/03 v1.6 Let assignment for LaTeX macros (HO)
)
(/usr/local/texlive/2022/texmf-dist/tex/latex/auxhook/auxhook.sty
Package: auxhook 2019-12-17 v1.6 Hooks for auxiliary files (HO)
)
(/usr/local/texlive/2022/texmf-dist/tex/latex/kvoptions/kvoptions.sty
Package: kvoptions 2020-10-07 v3.14 Key value format for package options (HO)
)
\@linkdim=\dimen296
\Hy@linkcounter=\count324
\Hy@pagecounter=\count325

(/usr/local/texlive/2022/texmf-dist/tex/latex/hyperref/pd1enc.def
File: pd1enc.def 2022-02-21 v7.00n Hyperref: PDFDocEncoding definition (HO)
)
(/usr/local/texlive/2022/texmf-dist/tex/generic/intcalc/intcalc.sty
Package: intcalc 2019/12/15 v1.3 Expandable calculations with integers (HO)
)
(/usr/local/texlive/2022/texmf-dist/tex/generic/etexcmds/etexcmds.sty
Package: etexcmds 2019/12/15 v1.7 Avoid name clashes with e-TeX commands (HO)
)
\Hy@SavedSpaceFactor=\count326

(/usr/local/texlive/2022/texmf-dist/tex/latex/hyperref/puenc.def
File: puenc.def 2022-02-21 v7.00n Hyperref: PDF Unicode definition (HO)
)
Package hyperref Info: Option `unicode' set `true' on input line 3128.
Package hyperref Info: Hyper figures OFF on input line 4137.
Package hyperref Info: Link nesting OFF on input line 4142.
Package hyperref Info: Hyper index ON on input line 4145.
Package hyperref Info: Plain pages OFF on input line 4152.
Package hyperref Info: Backreferencing OFF on input line 4157.
Package hyperref Info: Implicit mode ON; LaTeX internals redefined.
Package hyperref Info: Bookmarks ON on input line 4390.
\c@Hy@tempcnt=\count327

(/usr/local/texlive/2022/texmf-dist/tex/latex/url/url.sty
\Urlmuskip=\muskip17
Package: url 2013/09/16  ver 3.4  Verb mode for urls, etc.
)
LaTeX Info: Redefining \url on input line 4749.
\XeTeXLinkMargin=\dimen297

(/usr/local/texlive/2022/texmf-dist/tex/generic/bitset/bitset.sty
Package: bitset 2019/12/09 v1.3 Handle bit-vector datatype (HO)

(/usr/local/texlive/2022/texmf-dist/tex/generic/bigintcalc/bigintcalc.sty
Package: bigintcalc 2019/12/15 v1.5 Expandable calculations on big integers (HO
)
))
\Fld@menulength=\count328
\Field@Width=\dimen298
\Fld@charsize=\dimen299
Package hyperref Info: Hyper figures OFF on input line 6027.
Package hyperref Info: Link nesting OFF on input line 6032.
Package hyperref Info: Hyper index ON on input line 6035.
Package hyperref Info: backreferencing OFF on input line 6042.
Package hyperref Info: Link coloring OFF on input line 6047.
Package hyperref Info: Link coloring with OCG OFF on input line 6052.
Package hyperref Info: PDF/A mode OFF on input line 6057.
LaTeX Info: Redefining \ref on input line 6097.
LaTeX Info: Redefining \pageref on input line 6101.

(/usr/local/texlive/2022/texmf-dist/tex/latex/base/atbegshi-ltx.sty
Package: atbegshi-ltx 2021/01/10 v1.0c Emulation of the original atbegshi
package with kernel methods
)
\Hy@abspage=\count329
\c@Item=\count330
\c@Hfootnote=\count331
)
Package hyperref Info: Driver (autodetected): hxetex.

(/usr/local/texlive/2022/texmf-dist/tex/latex/hyperref/hxetex.def
File: hxetex.def 2022-02-21 v7.00n Hyperref driver for XeTeX

(/usr/local/texlive/2022/texmf-dist/tex/generic/stringenc/stringenc.sty
Package: stringenc 2019/11/29 v1.12 Convert strings between diff. encodings (HO
)
)
\pdfm@box=\box88
\c@Hy@AnnotLevel=\count332
\HyField@AnnotCount=\count333
\Fld@listcount=\count334
\c@bookmark@seq@number=\count335

(/usr/local/texlive/2022/texmf-dist/tex/latex/rerunfilecheck/rerunfilecheck.sty
Package: rerunfilecheck 2019/12/05 v1.9 Rerun checks for auxiliary files (HO)
(/usr/local/texlive/2022/texmf-dist/tex/latex/base/atveryend-ltx.sty
Package: atveryend-ltx 2020/08/19 v1.0a Emulation of the original atveryend pac
kage
with kernel methods
)
(/usr/local/texlive/2022/texmf-dist/tex/generic/uniquecounter/uniquecounter.sty
Package: uniquecounter 2019/12/15 v1.4 Provide unlimited unique counter (HO)
)
Package uniquecounter Info: New unique counter `rerunfilecheck' on input line 2
86.
)
\Hy@SectionHShift=\skip65
)
Package hyperref Info: Option `colorlinks' set `true' on input line 34.
 (/usr/local/texlive/2022/texmf-dist/tex/latex/fontspec/fontspec.sty
Package: fontspec 2022/01/15 v2.8a Font selection for XeLaTeX and LuaLaTeX

(/usr/local/texlive/2022/texmf-dist/tex/latex/fontspec/fontspec-xetex.sty
Package: fontspec-xetex 2022/01/15 v2.8a Font selection for XeLaTeX and LuaLaTe
X
\l__fontspec_script_int=\count336
\l__fontspec_language_int=\count337
\l__fontspec_strnum_int=\count338
\l__fontspec_tmp_int=\count339
\l__fontspec_tmpa_int=\count340
\l__fontspec_tmpb_int=\count341
\l__fontspec_tmpc_int=\count342
\l__fontspec_em_int=\count343
\l__fontspec_emdef_int=\count344
\l__fontspec_strong_int=\count345
\l__fontspec_strongdef_int=\count346
\l__fontspec_tmpa_dim=\dimen300
\l__fontspec_tmpb_dim=\dimen301
\l__fontspec_tmpc_dim=\dimen302

(/usr/local/texlive/2022/texmf-dist/tex/latex/base/fontenc.sty
Package: fontenc 2021/04/29 v2.0v Standard LaTeX package
)
(/usr/local/texlive/2022/texmf-dist/tex/latex/fontspec/fontspec.cfg))))

Package fontspec Info: Font family 'TimesNewRoman(0)' created for font 'Times
(fontspec)             New Roman' with options [Ligatures=TeX].
(fontspec)              
(fontspec)              This font family consists of the following NFSS
(fontspec)             series/shapes:
(fontspec)              
(fontspec)             - 'normal' (m/n) with NFSS spec.: <->"Times New
(fontspec)             Roman/OT:script=latn;language=dflt;mapping=tex-text;"
(fontspec)             - 'small caps'  (m/sc) with NFSS spec.: 
(fontspec)             - 'bold' (b/n) with NFSS spec.: <->"Times New
(fontspec)             Roman/B/OT:script=latn;language=dflt;mapping=tex-text;"
(fontspec)             - 'bold small caps'  (b/sc) with NFSS spec.: 
(fontspec)             - 'italic' (m/it) with NFSS spec.: <->"Times New
(fontspec)             Roman/I/OT:script=latn;language=dflt;mapping=tex-text;"
(fontspec)             - 'italic small caps'  (m/scit) with NFSS spec.: 
(fontspec)             - 'bold italic' (b/it) with NFSS spec.: <->"Times New
(fontspec)             Roman/BI/OT:script=latn;language=dflt;mapping=tex-text;"

(fontspec)             - 'bold italic small caps'  (b/scit) with NFSS spec.: 



LaTeX Warning: \include should only be used after \begin{document} on input lin
e 4.

(/Users/pluttan/Documents/forMyDocs/preambMisha.tex)

LaTeX Warning: Unused global option(s):
    [20pt].

(./examOP.aux)
\openout1 = `examOP.aux'.

LaTeX Font Info:    Checking defaults for OML/cmm/m/it on input line 10.
LaTeX Font Info:    ... okay on input line 10.
LaTeX Font Info:    Checking defaults for OMS/cmsy/m/n on input line 10.
LaTeX Font Info:    ... okay on input line 10.
LaTeX Font Info:    Checking defaults for OT1/cmr/m/n on input line 10.
LaTeX Font Info:    ... okay on input line 10.
LaTeX Font Info:    Checking defaults for T1/cmr/m/n on input line 10.
LaTeX Font Info:    ... okay on input line 10.
LaTeX Font Info:    Checking defaults for TS1/cmr/m/n on input line 10.
LaTeX Font Info:    Trying to load font information for TS1+cmr on input line 1
0.
 (/usr/local/texlive/2022/texmf-dist/tex/latex/base/ts1cmr.fd
File: ts1cmr.fd 2019/12/16 v2.5j Standard LaTeX font definitions
)
LaTeX Font Info:    ... okay on input line 10.
LaTeX Font Info:    Checking defaults for TU/lmr/m/n on input line 10.
LaTeX Font Info:    ... okay on input line 10.
LaTeX Font Info:    Checking defaults for OMX/cmex/m/n on input line 10.
LaTeX Font Info:    ... okay on input line 10.
LaTeX Font Info:    Checking defaults for U/cmr/m/n on input line 10.
LaTeX Font Info:    ... okay on input line 10.
LaTeX Font Info:    Checking defaults for T2A/cmr/m/n on input line 10.
LaTeX Font Info:    ... okay on input line 10.
LaTeX Font Info:    Checking defaults for PD1/pdf/m/n on input line 10.
LaTeX Font Info:    ... okay on input line 10.
LaTeX Font Info:    Checking defaults for PU/pdf/m/n on input line 10.
LaTeX Font Info:    ... okay on input line 10.

*geometry* driver: auto-detecting
*geometry* detected driver: xetex
*geometry* verbose mode - [ preamble ] result:
* driver: xetex
* paper: a4paper
* layout: <same size as paper>
* layoutoffset:(h,v)=(0.0pt,0.0pt)
* modes: 
* h-part:(L,W,R)=(56.9055pt, 483.69687pt, 56.9055pt)
* v-part:(T,H,B)=(56.9055pt, 731.23584pt, 56.9055pt)
* \paperwidth=597.50787pt
* \paperheight=845.04684pt
* \textwidth=483.69687pt
* \textheight=731.23584pt
* \oddsidemargin=-15.36449pt
* \evensidemargin=-15.36449pt
* \topmargin=-52.36449pt
* \headheight=12.0pt
* \headsep=25.0pt
* \topskip=10.0pt
* \footskip=30.0pt
* \marginparwidth=57.0pt
* \marginparsep=11.0pt
* \columnsep=10.0pt
* \skip\footins=9.0pt plus 4.0pt minus 2.0pt
* \hoffset=0.0pt
* \voffset=0.0pt
* \mag=1000
* \@twocolumnfalse
* \@twosidefalse
* \@mparswitchfalse
* \@reversemarginfalse
* (1in=72.27pt=25.4mm, 1cm=28.453pt)

LaTeX Info: Redefining \th on input line 10.
\c@lstlisting=\count347
Package hyperref Info: Link coloring ON on input line 10.
(/usr/local/texlive/2022/texmf-dist/tex/latex/hyperref/nameref.sty
Package: nameref 2021-04-02 v2.47 Cross-referencing by name of section

(/usr/local/texlive/2022/texmf-dist/tex/latex/refcount/refcount.sty
Package: refcount 2019/12/15 v3.6 Data extraction from label references (HO)
)
(/usr/local/texlive/2022/texmf-dist/tex/generic/gettitlestring/gettitlestring.s
ty
Package: gettitlestring 2019/12/15 v1.6 Cleanup title references (HO)
)
\c@section@level=\count348
)
LaTeX Info: Redefining \ref on input line 10.
LaTeX Info: Redefining \pageref on input line 10.
LaTeX Info: Redefining \nameref on input line 10.
 (./examOP.out) (./examOP.out)
\@outlinefile=\write6
\openout6 = `examOP.out'.


Package fontspec Info: Adjusting the maths setup (use [no-math] to avoid
(fontspec)             this).

\symlegacymaths=\mathgroup8
LaTeX Font Info:    Overwriting symbol font `legacymaths' in version `bold'
(Font)                  OT1/cmr/m/n --> OT1/cmr/bx/n on input line 10.
LaTeX Font Info:    Redeclaring math accent \acute on input line 10.
LaTeX Font Info:    Redeclaring math accent \grave on input line 10.
LaTeX Font Info:    Redeclaring math accent \ddot on input line 10.
LaTeX Font Info:    Redeclaring math accent \tilde on input line 10.
LaTeX Font Info:    Redeclaring math accent \bar on input line 10.
LaTeX Font Info:    Redeclaring math accent \breve on input line 10.
LaTeX Font Info:    Redeclaring math accent \check on input line 10.
LaTeX Font Info:    Redeclaring math accent \hat on input line 10.
LaTeX Font Info:    Redeclaring math accent \dot on input line 10.
LaTeX Font Info:    Redeclaring math accent \mathring on input line 10.
LaTeX Font Info:    Redeclaring math symbol \Gamma on input line 10.
LaTeX Font Info:    Redeclaring math symbol \Delta on input line 10.
LaTeX Font Info:    Redeclaring math symbol \Theta on input line 10.
LaTeX Font Info:    Redeclaring math symbol \Lambda on input line 10.
LaTeX Font Info:    Redeclaring math symbol \Xi on input line 10.
LaTeX Font Info:    Redeclaring math symbol \Pi on input line 10.
LaTeX Font Info:    Redeclaring math symbol \Sigma on input line 10.
LaTeX Font Info:    Redeclaring math symbol \Upsilon on input line 10.
LaTeX Font Info:    Redeclaring math symbol \Phi on input line 10.
LaTeX Font Info:    Redeclaring math symbol \Psi on input line 10.
LaTeX Font Info:    Redeclaring math symbol \Omega on input line 10.
LaTeX Font Info:    Redeclaring math symbol \mathdollar on input line 10.
LaTeX Font Info:    Redeclaring symbol font `operators' on input line 10.
LaTeX Font Info:    Encoding `OT1' has changed to `TU' for symbol font
(Font)              `operators' in the math version `normal' on input line 10.
LaTeX Font Info:    Overwriting symbol font `operators' in version `normal'
(Font)                  OT1/cmr/m/n --> TU/TimesNewRoman(0)/m/n on input line 1
0.
LaTeX Font Info:    Encoding `OT1' has changed to `TU' for symbol font
(Font)              `operators' in the math version `bold' on input line 10.
LaTeX Font Info:    Overwriting symbol font `operators' in version `bold'
(Font)                  OT1/cmr/bx/n --> TU/TimesNewRoman(0)/m/n on input line 
10.
LaTeX Font Info:    Overwriting symbol font `operators' in version `normal'
(Font)                  TU/TimesNewRoman(0)/m/n --> TU/TimesNewRoman(0)/m/n on 
input line 10.
LaTeX Font Info:    Overwriting math alphabet `\mathit' in version `normal'
(Font)                  OT1/cmr/m/it --> TU/TimesNewRoman(0)/m/it on input line
 10.
LaTeX Font Info:    Overwriting math alphabet `\mathbf' in version `normal'
(Font)                  OT1/cmr/bx/n --> TU/TimesNewRoman(0)/b/n on input line 
10.
LaTeX Font Info:    Overwriting math alphabet `\mathsf' in version `normal'
(Font)                  OT1/cmss/m/n --> TU/lmss/m/n on input line 10.
LaTeX Font Info:    Overwriting math alphabet `\mathtt' in version `normal'
(Font)                  OT1/cmtt/m/n --> TU/lmtt/m/n on input line 10.
LaTeX Font Info:    Overwriting symbol font `operators' in version `bold'
(Font)                  TU/TimesNewRoman(0)/m/n --> TU/TimesNewRoman(0)/b/n on 
input line 10.
LaTeX Font Info:    Overwriting math alphabet `\mathit' in version `bold'
(Font)                  OT1/cmr/bx/it --> TU/TimesNewRoman(0)/b/it on input lin
e 10.
LaTeX Font Info:    Overwriting math alphabet `\mathsf' in version `bold'
(Font)                  OT1/cmss/bx/n --> TU/lmss/b/n on input line 10.
LaTeX Font Info:    Overwriting math alphabet `\mathtt' in version `bold'
(Font)                  OT1/cmtt/m/n --> TU/lmtt/b/n on input line 10.
File: ../img/bg1.png Graphic file (type bmp)
<../img/bg1.png>
LaTeX Font Info:    Trying to load font information for U+msa on input line 12.


(/usr/local/texlive/2022/texmf-dist/tex/latex/amsfonts/umsa.fd
File: umsa.fd 2013/01/14 v3.01 AMS symbols A
)
LaTeX Font Info:    Trying to load font information for U+msb on input line 12.


(/usr/local/texlive/2022/texmf-dist/tex/latex/amsfonts/umsb.fd
File: umsb.fd 2013/01/14 v3.01 AMS symbols B
)
LaTeX Font Info:    Trying to load font information for U+rsfs on input line 12
.

(/usr/local/texlive/2022/texmf-dist/tex/latex/jknapltx/ursfs.fd
File: ursfs.fd 1998/03/24 rsfs font definition file (jk)
)
LaTeX Font Info:    Trying to load font information for U+stmry on input line 1
2.

(/usr/local/texlive/2022/texmf-dist/tex/latex/stmaryrd/Ustmry.fd)
LaTeX Font Info:    Trying to load font information for U+euf on input line 12.


(/usr/local/texlive/2022/texmf-dist/tex/latex/amsfonts/ueuf.fd
File: ueuf.fd 2013/01/14 v3.01 Euler Fraktur
)
File: /Users/pluttan/Documents/bw2.png Graphic file (type bmp)
</Users/pluttan/Documents/bw2.png>
File: /Users/pluttan/Documents/forMyDocs/qr1.png Graphic file (type bmp)
</Users/pluttan/Documents/forMyDocs/qr1.png>

Overfull \hbox (3.53574pt too wide) in paragraph at lines 12--12
[]$[]$ $[]$ 
 []

[1

] (./examOP.toc
Overfull \hbox (2.1754pt too wide) in paragraph at lines 21--21
 [][] [][][]\TU/TimesNewRoman(0)/m/n/12 Рекурсия. Виды рекурсии. Особенности пр
ограммирования. Достоинства и недо- 
 []

File: /Users/pluttan/Documents/bw2.png Graphic file (type bmp)
</Users/pluttan/Documents/bw2.png>
[2]
Overfull \hbox (5.64404pt too wide) in paragraph at lines 27--27
 [][] [][][]\TU/TimesNewRoman(0)/m/n/12 Нетипизированные файлы. Внутреннее пред
ставление информации в файле. Опе- 
 []


Overfull \hbox (8.38522pt too wide) in paragraph at lines 29--29
 [][] [][][]\TU/TimesNewRoman(0)/m/n/12 Классы консольного режима среды Lazarus
: Способы инициализации полей. Неяв- 
 []

)
\tf@toc=\write7
\openout7 = `examOP.toc'.

File: /Users/pluttan/Documents/bw2.png Graphic file (type bmp)
</Users/pluttan/Documents/bw2.png>
 [3]
Overfull \hbox (6.95506pt too wide) in paragraph at lines 30--32
[]\TU/TimesNewRoman(0)/b/n/12 Синтаксис \TU/TimesNewRoman(0)/m/n/12 - совокупно
сть правил, определяющих допустимые конструкции (слова, пред-
 []

File: ../img/exm1.png Graphic file (type bmp)
<../img/exm1.png>
File: /Users/pluttan/Documents/bw2.png Graphic file (type bmp)
</Users/pluttan/Documents/bw2.png>
[4]
File: ../img/exm3.jpg Graphic file (type bmp)
<../img/exm3.jpg>
File: ../img/exm4.jpg Graphic file (type bmp)
<../img/exm4.jpg>
File: /Users/pluttan/Documents/bw2.png Graphic file (type bmp)
</Users/pluttan/Documents/bw2.png>
 [5]
File: ../img/exm5.jpg Graphic file (type bmp)
<../img/exm5.jpg>

Overfull \hbox (19.2739pt too wide) in paragraph at lines 106--106
 [] 
 []

File: /Users/pluttan/Documents/bw2.png Graphic file (type bmp)
</Users/pluttan/Documents/bw2.png>
[6]
File: ../img/exm6.jpg Graphic file (type bmp)
<../img/exm6.jpg>
File: /Users/pluttan/Documents/bw2.png Graphic file (type bmp)
</Users/pluttan/Documents/bw2.png>
 [7] (/usr/local/texlive/2022/texmf-dist/tex/latex/listings/lstlang1.sty
File: lstlang1.sty 2020/03/24 1.8d listings language file
)
Package hyperref Info: bookmark level for unknown lstlisting defaults to 0 on i
nput line 247.

(../Examples/b3_1.pas
LaTeX Font Info:    Font shape `TU/lmtt/bx/n' in size <8> not available
(Font)              Font shape `TU/lmtt/b/n' tried instead on input line 7.
)
File: /Users/pluttan/Documents/bw2.png Graphic file (type bmp)
</Users/pluttan/Documents/bw2.png>
 [8]
File: ../img/exm7.jpg Graphic file (type bmp)
<../img/exm7.jpg>
File: ../img/exm8.jpg Graphic file (type bmp)
<../img/exm8.jpg>
File: ../img/case.jpg Graphic file (type bmp)
<../img/case.jpg>
 (../Examples/b4_1.pas)
File: /Users/pluttan/Documents/bw2.png Graphic file (type bmp)
</Users/pluttan/Documents/bw2.png>
 [9]
LaTeX Font Info:    Font shape `TU/lmtt/bx/n' in size <12> not available
(Font)              Font shape `TU/lmtt/b/n' tried instead on input line 307.
File: ../img/for.jpg Graphic file (type bmp)
<../img/for.jpg>
File: ../img/while.jpg Graphic file (type bmp)
<../img/while.jpg>
File: ../img/repeat.jpg Graphic file (type bmp)
<../img/repeat.jpg>
 (../Examples/b5_1.pas)
File: /Users/pluttan/Documents/bw2.png Graphic file (type bmp)
</Users/pluttan/Documents/bw2.png>

[10]
Overfull \hbox (1.3159pt too wide) in paragraph at lines 342--343
[]\TU/TimesNewRoman(0)/b/n/12 Неструктурная реализация \TU/TimesNewRoman(0)/m/n
/12 включает неструктурные передачи управления: оператор без-
 []

(../Examples/b6_1.pas
File: /Users/pluttan/Documents/bw2.png Graphic file (type bmp)
</Users/pluttan/Documents/bw2.png>
 [11]
Missing character: There is no Н (U+041D) in font [lmmono8-regular]:!
Missing character: There is no е (U+0435) in font [lmmono8-regular]:!
Missing character: There is no н (U+043D) in font [lmmono8-regular]:!
Missing character: There is no а (U+0430) in font [lmmono8-regular]:!
Missing character: There is no й (U+0439) in font [lmmono8-regular]:!
Missing character: There is no д (U+0434) in font [lmmono8-regular]:!
Missing character: There is no е (U+0435) in font [lmmono8-regular]:!
Missing character: There is no н (U+043D) in font [lmmono8-regular]:!
Missing character: There is no о (U+043E) in font [lmmono8-regular]:!
)
File: /Users/pluttan/Documents/bw2.png Graphic file (type bmp)
</Users/pluttan/Documents/bw2.png>
 [12]
File: ../img/array.jpg Graphic file (type bmp)
<../img/array.jpg>

Overfull \hbox (3.74841pt too wide) in paragraph at lines 445--446
[]\TU/TimesNewRoman(0)/m/n/12 Косвенный доступ позволяет реализовать последоват
ельную обработку элементов мас-
 []

File: /Users/pluttan/Documents/bw2.png Graphic file (type bmp)
</Users/pluttan/Documents/bw2.png>
[13] (../Examples/b7_1.pas)
File: /Users/pluttan/Documents/bw2.png Graphic file (type bmp)
</Users/pluttan/Documents/bw2.png>
 [14]
File: ../img/string.jpg Graphic file (type bmp)
<../img/string.jpg>
File: ../img/maxCountOfChar.jpg Graphic file (type bmp)
<../img/maxCountOfChar.jpg>

Missing character: There is no ′ (U+2032) in font [lmmono8-regular]:!
Missing character: There is no ′ (U+2032) in font [lmmono8-regular]:!
Missing character: There is no ′ (U+2032) in font [lmmono8-regular]:!
Missing character: There is no ′ (U+2032) in font [lmmono8-regular]:!
Missing character: There is no ′ (U+2032) in font [lmmono8-regular]:!
Missing character: There is no ′ (U+2032) in font [lmmono8-regular]:!
Missing character: There is no п (U+043F) in font [lmmono8-regular]:!
Missing character: There is no у (U+0443) in font [lmmono8-regular]:!
Missing character: There is no с (U+0441) in font [lmmono8-regular]:!
Missing character: There is no т (U+0442) in font [lmmono8-regular]:!
Missing character: There is no а (U+0430) in font [lmmono8-regular]:!
Missing character: There is no я (U+044F) in font [lmmono8-regular]:!
Missing character: There is no с (U+0441) in font [lmmono8-regular]:!
Missing character: There is no т (U+0442) in font [lmmono8-regular]:!
Missing character: There is no р (U+0440) in font [lmmono8-regular]:!
Missing character: There is no о (U+043E) in font [lmmono8-regular]:!
Missing character: There is no к (U+043A) in font [lmmono8-regular]:!
Missing character: There is no а (U+0430) in font [lmmono8-regular]:!
File: /Users/pluttan/Documents/bw2.png Graphic file (type bmp)
</Users/pluttan/Documents/bw2.png>
[15]
Missing character: There is no ′ (U+2032) in font [lmmono8-regular]:!
Missing character: There is no ′ (U+2032) in font [lmmono8-regular]:!
Missing character: There is no ′ (U+2032) in font [lmmono8-regular]:!
Missing character: There is no ′ (U+2032) in font [lmmono8-regular]:!
Missing character: There is no ′ (U+2032) in font [lmmono8-regular]:!
Missing character: There is no а (U+0430) in font [lmmono8-regular]:!
Missing character: There is no а (U+0430) in font [lmmono8-regular]:!
Missing character: There is no а (U+0430) in font [lmmono8-regular]:!
Missing character: There is no а (U+0430) in font [lmmono8-regular]:!
Missing character: There is no а (U+0430) in font [lmmono8-regular]:!
Missing character: There is no а (U+0430) in font [lmmono8-regular]:!
Missing character: There is no ′ (U+2032) in font [lmmono8-regular]:!
Missing character: There is no ′ (U+2032) in font [lmmono8-regular]:!

Overfull \hbox (1.75226pt too wide) in paragraph at lines 556--557
[]\TU/TimesNewRoman(0)/m/n/12 Функция \TU/lmtt/m/n/12 Copy(St,index,count):stri
ng \TU/TimesNewRoman(0)/m/n/12 – возвращает фрагмент строки \TU/lmtt/m/n/12 St\
TU/TimesNewRoman(0)/m/n/12 , длиной \TU/lmtt/m/n/12 count
 []

Missing character: There is no ′ (U+2032) in font [lmmono8-regular]:!
Missing character: There is no ′ (U+2032) in font [lmmono8-regular]:!
Missing character: There is no ′ (U+2032) in font [lmmono8-regular]:!
Missing character: There is no р (U+0440) in font [lmmono8-regular]:!
Missing character: There is no р (U+0440) in font [lmmono8-regular]:!
Missing character: There is no ′ (U+2032) in font [lmmono8-regular]:!
Missing character: There is no ′ (U+2032) in font [lmmono8-regular]:!
Missing character: There is no ′ (U+2032) in font [lmmono8-regular]:!
(../Examples/b8_1.pas
File: /Users/pluttan/Documents/bw2.png Graphic file (type bmp)
</Users/pluttan/Documents/bw2.png>
 [16])
File: /Users/pluttan/Documents/bw2.png Graphic file (type bmp)
</Users/pluttan/Documents/bw2.png>
 [17]
File: ../img/OPD.jpg Graphic file (type bmp)
<../img/OPD.jpg>
File: /Users/pluttan/Documents/bw2.png Graphic file (type bmp)
</Users/pluttan/Documents/bw2.png>
 [18]
File: ../img/SetIntRep.jpg Graphic file (type bmp)
<../img/SetIntRep.jpg>
 (../Examples/b9_1.pas
File: /Users/pluttan/Documents/bw2.png Graphic file (type bmp)
</Users/pluttan/Documents/bw2.png>
 [19])
File: /Users/pluttan/Documents/bw2.png Graphic file (type bmp)
</Users/pluttan/Documents/bw2.png>
 [20]
File: ../img/Record.jpg Graphic file (type bmp)
<../img/Record.jpg>
File: ../img/intend.jpg Graphic file (type bmp)
<../img/intend.jpg>
File: ../img/dotNotation.jpg Graphic file (type bmp)
<../img/dotNotation.jpg>
File: ../img/with.jpg Graphic file (type bmp)
<../img/with.jpg>
File: ../img/caseOfRecord.jpg Graphic file (type bmp)
<../img/caseOfRecord.jpg>
File: /Users/pluttan/Documents/bw2.png Graphic file (type bmp)
</Users/pluttan/Documents/bw2.png>
 [21]
(../Examples/b10_1.pas)
File: /Users/pluttan/Documents/bw2.png Graphic file (type bmp)
</Users/pluttan/Documents/bw2.png>
 [22]
File: ../img/zag11.jpg Graphic file (type bmp)
<../img/zag11.jpg>
File: ../img/procedure.jpg Graphic file (type bmp)
<../img/procedure.jpg>
File: ../img/function.jpg Graphic file (type bmp)
<../img/function.jpg>
 (../Examples/b11_1.pas)
File: /Users/pluttan/Documents/bw2.png Graphic file (type bmp)
</Users/pluttan/Documents/bw2.png>
 [23]
Underfull \hbox (badness 10000) in paragraph at lines 799--800

 []

File: ../img/listOfParameters.jpg Graphic file (type bmp)
<../img/listOfParameters.jpg>
File: /Users/pluttan/Documents/bw2.png Graphic file (type bmp)
</Users/pluttan/Documents/bw2.png>
[24]
Overfull \hbox (2.5933pt too wide) in paragraph at lines 830--830
[]\TU/TimesNewRoman(0)/b/n/12 Локальные и глобальные переменные, законы «видимо
сти» идентификаторов. При-
 []

File: ../img/LocalGlobal.jpg Graphic file (type bmp)
<../img/LocalGlobal.jpg>
(../Examples/b12&&13_1.pas)
File: /Users/pluttan/Documents/bw2.png Graphic file (type bmp)
</Users/pluttan/Documents/bw2.png>
 [25]
File: /Users/pluttan/Documents/bw2.png Graphic file (type bmp)
</Users/pluttan/Documents/bw2.png>
 [26] (../Examples/b15_1.pas)
File: /Users/pluttan/Documents/bw2.png Graphic file (type bmp)
</Users/pluttan/Documents/bw2.png>
 [27]
(../Examples/b16_1.pas)
File: /Users/pluttan/Documents/bw2.png Graphic file (type bmp)
</Users/pluttan/Documents/bw2.png>
 [28]
Missing character: There is no а (U+0430) in font [lmmono8-regular]:!

Overfull \hbox (7.93742pt too wide) in paragraph at lines 966--967
[]\TU/TimesNewRoman(0)/m/n/12 Значениями переменных процедурных типов являются 
идентификаторы процедур и функ-
 []

File: /Users/pluttan/Documents/bw2.png Graphic file (type bmp)
</Users/pluttan/Documents/bw2.png>
[29] (../Examples/b18_1.pas)
File: /Users/pluttan/Documents/bw2.png Graphic file (type bmp)
</Users/pluttan/Documents/bw2.png>
 [30]
File: ../img/Recursion.jpg Graphic file (type bmp)
<../img/Recursion.jpg>
 (../Examples/b19_1.pas
File: /Users/pluttan/Documents/bw2.png Graphic file (type bmp)
</Users/pluttan/Documents/bw2.png>
 [31])
(../Examples/b19_2.pas)
File: /Users/pluttan/Documents/bw2.png Graphic file (type bmp)
</Users/pluttan/Documents/bw2.png>
 [32]
Overfull \hbox (9.67766pt too wide) in paragraph at lines 1106--1107
[]\TU/TimesNewRoman(0)/m/n/12 Минимальная адресуемая единица памяти большинства
 современных процессоров – \TU/TimesNewRoman(0)/b/n/12 байт\TU/TimesNewRoman(0)
/m/n/12 .
 []

File: ../img/Address1.jpg Graphic file (type bmp)
<../img/Address1.jpg>
File: ../img/Address2.jpg Graphic file (type bmp)
<../img/Address2.jpg>
File: ../img/Pointer.jpg Graphic file (type bmp)
<../img/Pointer.jpg>
File: ../img/GetterAddr.jpg Graphic file (type bmp)
<../img/GetterAddr.jpg>
File: /Users/pluttan/Documents/bw2.png Graphic file (type bmp)
</Users/pluttan/Documents/bw2.png>
[33]
Overfull \hbox (1.97348pt too wide) in paragraph at lines 1144--1145
[]\TU/TimesNewRoman(0)/m/n/12 Процедура \TU/lmtt/b/n/12 GetMem(var P: Pointer; 
Size: Integer) \TU/TimesNewRoman(0)/m/n/12 – выделяет указанное количество
 []

(../Examples/b20_1.pas)
File: /Users/pluttan/Documents/bw2.png Graphic file (type bmp)
</Users/pluttan/Documents/bw2.png>
 [34] (../Examples/b21_1.pas
File: /Users/pluttan/Documents/bw2.png Graphic file (type bmp)
</Users/pluttan/Documents/bw2.png>
 [35]
File: /Users/pluttan/Documents/bw2.png Graphic file (type bmp)
</Users/pluttan/Documents/bw2.png>
 [36]
File: /Users/pluttan/Documents/bw2.png Graphic file (type bmp)
</Users/pluttan/Documents/bw2.png>
 [37]
File: /Users/pluttan/Documents/bw2.png Graphic file (type bmp)
</Users/pluttan/Documents/bw2.png>
 [38])
File: /Users/pluttan/Documents/bw2.png Graphic file (type bmp)
</Users/pluttan/Documents/bw2.png>

[39]
File: ../img/file22.jpg Graphic file (type bmp)
<../img/file22.jpg>
File: /Users/pluttan/Documents/bw2.png Graphic file (type bmp)
</Users/pluttan/Documents/bw2.png>
 [40] (../Examples/b22_1.pas)
File: /Users/pluttan/Documents/bw2.png Graphic file (type bmp)
</Users/pluttan/Documents/bw2.png>
 [41]
File: ../img/TextFile.jpg Graphic file (type bmp)
<../img/TextFile.jpg>
File: /Users/pluttan/Documents/bw2.png Graphic file (type bmp)
</Users/pluttan/Documents/bw2.png>
 [42]
Overfull \hbox (3.15297pt too wide) in paragraph at lines 1342--1343
[]\TU/TimesNewRoman(0)/m/n/12 Процедура \TU/lmtt/m/n/12 WriteLn([Var f;][v1,v2,
 ...,vn]) \TU/TimesNewRoman(0)/m/n/12 – осуществляет вывод в текстовый файл.
 []

(../Examples/b23_1.pas
Missing character: There is no С (U+0421) in font [lmmono8-regular]:!
Missing character: There is no о (U+043E) in font [lmmono8-regular]:!
Missing character: There is no д (U+0434) in font [lmmono8-regular]:!
Missing character: There is no е (U+0435) in font [lmmono8-regular]:!
Missing character: There is no р (U+0440) in font [lmmono8-regular]:!
Missing character: There is no ж (U+0436) in font [lmmono8-regular]:!
Missing character: There is no и (U+0438) in font [lmmono8-regular]:!
Missing character: There is no м (U+043C) in font [lmmono8-regular]:!
Missing character: There is no о (U+043E) in font [lmmono8-regular]:!
Missing character: There is no е (U+0435) in font [lmmono8-regular]:!
Missing character: There is no ф (U+0444) in font [lmmono8-regular]:!
Missing character: There is no а (U+0430) in font [lmmono8-regular]:!
Missing character: There is no й (U+0439) in font [lmmono8-regular]:!
Missing character: There is no л (U+043B) in font [lmmono8-regular]:!
Missing character: There is no а (U+0430) in font [lmmono8-regular]:!
Missing character: There is no С (U+0421) in font [lmmono8-regular]:!
Missing character: There is no о (U+043E) in font [lmmono8-regular]:!
Missing character: There is no д (U+0434) in font [lmmono8-regular]:!
Missing character: There is no е (U+0435) in font [lmmono8-regular]:!
Missing character: There is no р (U+0440) in font [lmmono8-regular]:!
Missing character: There is no ж (U+0436) in font [lmmono8-regular]:!
Missing character: There is no и (U+0438) in font [lmmono8-regular]:!
Missing character: There is no м (U+043C) in font [lmmono8-regular]:!
Missing character: There is no о (U+043E) in font [lmmono8-regular]:!
Missing character: There is no е (U+0435) in font [lmmono8-regular]:!
Missing character: There is no ф (U+0444) in font [lmmono8-regular]:!
Missing character: There is no а (U+0430) in font [lmmono8-regular]:!
Missing character: There is no й (U+0439) in font [lmmono8-regular]:!
Missing character: There is no л (U+043B) in font [lmmono8-regular]:!
Missing character: There is no а (U+0430) in font [lmmono8-regular]:!
)
File: /Users/pluttan/Documents/bw2.png Graphic file (type bmp)
</Users/pluttan/Documents/bw2.png>
 [43]
File: ../img/TypedFile.jpg Graphic file (type bmp)
<../img/TypedFile.jpg>
File: /Users/pluttan/Documents/bw2.png Graphic file (type bmp)
</Users/pluttan/Documents/bw2.png>
 [44]
Overfull \hbox (5.63506pt too wide) in paragraph at lines 1431--1433
[]\TU/TimesNewRoman(0)/m/n/12 Процедура \TU/lmtt/m/n/12 BlockRead(Var f:file; V
ar buf;Count:word[;Var res:word])\TU/TimesNewRoman(0)/m/n/12 – осуществ-
 []


Overfull \hbox (5.63507pt too wide) in paragraph at lines 1433--1434
[]\TU/TimesNewRoman(0)/m/n/12 Процедура \TU/lmtt/m/n/12 BlockWrite(Var f:file;V
ar buf;Count:word[;Var res:word])\TU/TimesNewRoman(0)/m/n/12 – осуществ-
 []

(../Examples/b25_1.pas)
File: /Users/pluttan/Documents/bw2.png Graphic file (type bmp)
</Users/pluttan/Documents/bw2.png>
 [45]
File: ../img/ClassDes.jpg Graphic file (type bmp)
<../img/ClassDes.jpg>
File: ../img/MethodDes.jpg Graphic file (type bmp)
<../img/MethodDes.jpg>
File: /Users/pluttan/Documents/bw2.png Graphic file (type bmp)
</Users/pluttan/Documents/bw2.png>
 [46]
File: /Users/pluttan/Documents/bw2.png Graphic file (type bmp)
</Users/pluttan/Documents/bw2.png>
 [47]
File: /Users/pluttan/Documents/bw2.png Graphic file (type bmp)
</Users/pluttan/Documents/bw2.png>
 [48]
File: ../img/diag.jpg Graphic file (type bmp)
<../img/diag.jpg>
File: ../img/Inheritance.jpg Graphic file (type bmp)
<../img/Inheritance.jpg>
File: /Users/pluttan/Documents/bw2.png Graphic file (type bmp)
</Users/pluttan/Documents/bw2.png>
 [49]
File: ../img/Composition.jpg Graphic file (type bmp)
<../img/Composition.jpg>
File: ../img/Agregation.jpg Graphic file (type bmp)
<../img/Agregation.jpg>
File: /Users/pluttan/Documents/bw2.png Graphic file (type bmp)
</Users/pluttan/Documents/bw2.png>
 [50]
File: ../img/EarlyLater.jpg Graphic file (type bmp)
<../img/EarlyLater.jpg>

Overfull \hbox (0.67914pt too wide) in paragraph at lines 1612--1614
[]\TU/TimesNewRoman(0)/m/n/12 вызвать конструктор прежде, чем произойдет первое
 обращение к виртуальным полиморф-
 []

File: /Users/pluttan/Documents/bw2.png Graphic file (type bmp)
</Users/pluttan/Documents/bw2.png>
[51]
Underfull \hbox (badness 10000) in paragraph at lines 1659--1660

 []

File: /Users/pluttan/Documents/bw2.png Graphic file (type bmp)
</Users/pluttan/Documents/bw2.png>
[52]
File: /Users/pluttan/Documents/bw2.png Graphic file (type bmp)
</Users/pluttan/Documents/bw2.png>
 [53]
File: /Users/pluttan/Documents/bw2.png Graphic file (type bmp)
</Users/pluttan/Documents/bw2.png>
 [54]
File: ../img/EX1diagNEW.jpg Graphic file (type bmp)
<../img/EX1diagNEW.jpg>
File: /Users/pluttan/Documents/bw2.png Graphic file (type bmp)
</Users/pluttan/Documents/bw2.png>
 [55] (../Examples/a1_1.pas)
File: /Users/pluttan/Documents/bw2.png Graphic file (type bmp)
</Users/pluttan/Documents/bw2.png>
 [56]
File: ../img/EX2diagNEW.jpg Graphic file (type bmp)
<../img/EX2diagNEW.jpg>

Overfull \hbox (43.8626pt too wide) in paragraph at lines 1802--1802
 [] 
 []

(../Examples/a1_2.pas
File: /Users/pluttan/Documents/bw2.png Graphic file (type bmp)
</Users/pluttan/Documents/bw2.png>
 [57])
File: /Users/pluttan/Documents/bw2.png Graphic file (type bmp)
</Users/pluttan/Documents/bw2.png>
 [58]
File: ../img/EX3diagNEW.png Graphic file (type bmp)
<../img/EX3diagNEW.png>
 (../Examples/a3_1.pas
File: /Users/pluttan/Documents/bw2.png Graphic file (type bmp)
</Users/pluttan/Documents/bw2.png>
 [59])
File: /Users/pluttan/Documents/bw2.png Graphic file (type bmp)
</Users/pluttan/Documents/bw2.png>
 [60]
File: ../img/EX4diagNEW.png Graphic file (type bmp)
<../img/EX4diagNEW.png>
File: /Users/pluttan/Documents/bw2.png Graphic file (type bmp)
</Users/pluttan/Documents/bw2.png>
 [61]
(../Examples/a4_1.pas)
File: /Users/pluttan/Documents/bw2.png Graphic file (type bmp)
</Users/pluttan/Documents/bw2.png>
 [62]
File: ../img/EX4diagNEW2.png Graphic file (type bmp)
<../img/EX4diagNEW2.png>
File: /Users/pluttan/Documents/bw2.png Graphic file (type bmp)
</Users/pluttan/Documents/bw2.png>
 [63] (../Examples/a4_2.pas)
File: /Users/pluttan/Documents/bw2.png Graphic file (type bmp)
</Users/pluttan/Documents/bw2.png>
 [64]
File: ../img/EX5diagNEW.png Graphic file (type bmp)
<../img/EX5diagNEW.png>
File: /Users/pluttan/Documents/bw2.png Graphic file (type bmp)
</Users/pluttan/Documents/bw2.png>
 [65]
(../Examples/a5_1.pas)
File: /Users/pluttan/Documents/bw2.png Graphic file (type bmp)
</Users/pluttan/Documents/bw2.png>
 [66]
File: ../img/EX5diagNEW2.png Graphic file (type bmp)
<../img/EX5diagNEW2.png>
File: /Users/pluttan/Documents/bw2.png Graphic file (type bmp)
</Users/pluttan/Documents/bw2.png>
 [67] (../Examples/a5_2.pas)
File: /Users/pluttan/Documents/bw2.png Graphic file (type bmp)
</Users/pluttan/Documents/bw2.png>
 [68]
File: /Users/pluttan/Documents/bw2.png Graphic file (type bmp)
</Users/pluttan/Documents/bw2.png>
 [69] (./examOP.aux)

LaTeX Font Warning: Some font shapes were not available, defaults substituted.

Package rerunfilecheck Info: File `examOP.out' has not changed.
(rerunfilecheck)             Checksum: 7260C90A1888007D613A8884834575C7;29154.
 ) 
Here is how much of TeX's memory you used:
 33663 strings out of 476179
 705355 string characters out of 5809544
 1517852 words of memory out of 5000000
 53658 multiletter control sequences out of 15000+600000
 483254 words of font info for 122 fonts, out of 8000000 for 9000
 1348 hyphenation exceptions out of 8191
 115i,16n,111p,1735b,1853s stack positions out of 10000i,1000n,20000p,200000b,200000s

Output written on examOP.pdf (69 pages).
